TN:
SF:.eslintrc.js
FNF:0
FNH:0
DA:2,0
LF:1
LH:0
BRDA:20,0,0,0
BRDA:20,0,1,0
BRDA:21,1,0,0
BRDA:21,1,1,0
BRF:4
BRH:0
end_of_record
TN:
SF:babel.config.js
FNF:0
FNH:0
DA:1,0
LF:1
LH:0
BRF:0
BRH:0
end_of_record
TN:
SF:jest.config.js
FNF:0
FNH:0
DA:1,0
LF:1
LH:0
BRF:0
BRH:0
end_of_record
TN:
SF:server.js
FN:11,(anonymous_0)
FNF:1
FNH:0
FNDA:0,(anonymous_0)
DA:1,0
DA:2,0
DA:3,0
DA:5,0
DA:8,0
DA:11,0
DA:12,0
DA:15,0
DA:16,0
LF:9
LH:0
BRDA:15,0,0,0
BRDA:15,0,1,0
BRF:2
BRH:0
end_of_record
TN:
SF:vue.config.js
FN:10,(anonymous_0)
FN:12,(anonymous_1)
FN:16,addStyleResource
FNF:3
FNH:0
FNDA:0,(anonymous_0)
FNDA:0,(anonymous_1)
FNDA:0,addStyleResource
DA:1,0
DA:3,0
DA:11,0
DA:12,0
DA:17,0
LF:5
LH:0
BRF:0
BRH:0
end_of_record
TN:
SF:dist\js\chunk-vendors.441b2c45.js
FN:1,(anonymous_0)
FN:1,f
FN:1,(anonymous_2)
FN:1,(anonymous_3)
FN:1,(anonymous_4)
FN:1,(anonymous_5)
FN:1,(anonymous_6)
FN:1,(anonymous_7)
FN:1,(anonymous_8)
FN:1,e
FN:1,(anonymous_10)
FN:1,(anonymous_11)
FN:1,(anonymous_12)
FN:1,(anonymous_13)
FN:1,(anonymous_14)
FN:1,(anonymous_15)
FN:1,r
FN:1,(anonymous_17)
FN:1,(anonymous_18)
FN:1,i
FN:1,(anonymous_20)
FN:1,o
FN:1,(anonymous_22)
FN:1,a
FN:1,s
FN:1,c
FN:1,l
FN:1,(anonymous_27)
FN:1,u
FN:1,(anonymous_29)
FN:1,(anonymous_30)
FN:1,(anonymous_31)
FN:1,(anonymous_32)
FN:1,(anonymous_33)
FN:1,(anonymous_34)
FN:1,l
FN:1,u
FN:1,f
FN:1,d
FN:1,h
FN:1,p
FN:1,v
FN:1,(anonymous_42)
FN:1,r
FN:1,(anonymous_44)
FN:1,(anonymous_45)
FN:1,(anonymous_46)
FN:1,(anonymous_47)
FN:1,(anonymous_48)
FN:1,(anonymous_49)
FN:1,(anonymous_50)
FN:1,(anonymous_51)
FN:1,(anonymous_52)
FN:1,(anonymous_53)
FN:1,(anonymous_54)
FN:1,(anonymous_55)
FN:1,(anonymous_56)
FN:1,(anonymous_57)
FN:1,(anonymous_58)
FN:1,(anonymous_59)
FN:1,(anonymous_60)
FN:1,(anonymous_61)
FN:1,(anonymous_62)
FN:1,(anonymous_63)
FN:1,(anonymous_64)
FN:1,(anonymous_65)
FN:1,(anonymous_66)
FN:1,(anonymous_67)
FN:1,(anonymous_68)
FN:1,(anonymous_69)
FN:1,(anonymous_70)
FN:1,(anonymous_71)
FN:1,(anonymous_72)
FN:1,(anonymous_73)
FN:1,(anonymous_74)
FN:1,(anonymous_75)
FN:1,(anonymous_76)
FN:1,(anonymous_77)
FN:1,(anonymous_78)
FN:1,(anonymous_79)
FN:1,(anonymous_80)
FN:1,(anonymous_81)
FN:1,(anonymous_82)
FN:1,(anonymous_83)
FN:1,(anonymous_84)
FN:1,(anonymous_85)
FN:1,(anonymous_86)
FN:1,(anonymous_87)
FN:1,(anonymous_88)
FN:1,(anonymous_89)
FN:1,(anonymous_90)
FN:1,(anonymous_91)
FN:1,(anonymous_92)
FN:1,(anonymous_93)
FN:1,(anonymous_94)
FN:1,(anonymous_95)
FN:1,(anonymous_96)
FN:1,(anonymous_97)
FN:1,(anonymous_98)
FN:1,(anonymous_99)
FN:1,(anonymous_100)
FN:1,(anonymous_101)
FN:1,(anonymous_102)
FN:1,(anonymous_103)
FN:1,(anonymous_104)
FN:1,(anonymous_105)
FN:1,(anonymous_106)
FN:7,o
FN:7,a
FN:7,s
FN:7,c
FN:7,l
FN:7,u
FN:7,f
FN:7,h
FN:7,p
FN:7,v
FN:7,m
FN:7,b
FN:7,g
FN:7,y
FN:7,(anonymous_121)
FN:7,(anonymous_122)
FN:7,w
FN:7,j
FN:7,S
FN:7,(anonymous_126)
FN:7,(anonymous_127)
FN:7,(anonymous_128)
FN:7,(anonymous_129)
FN:7,(anonymous_130)
FN:7,D
FN:7,n
FN:7,$
FN:7,A
FN:7,B
FN:7,I
FN:7,R
FN:7,(anonymous_138)
FN:7,(anonymous_139)
FN:7,M
FN:7,(anonymous_141)
FN:7,(anonymous_142)
FN:7,V
FN:7,N
FN:7,(anonymous_145)
FN:7,H
FN:7,q
FN:7,K
FN:7,J
FN:7,(anonymous_150)
FN:7,(anonymous_151)
FN:7,(anonymous_152)
FN:7,dt
FN:7,(anonymous_154)
FN:7,t
FN:7,(anonymous_156)
FN:7,(anonymous_157)
FN:7,(anonymous_158)
FN:7,mt
FN:7,bt
FN:7,(anonymous_161)
FN:7,t
FN:7,(anonymous_163)
FN:7,(anonymous_164)
FN:7,Ot
FN:7,wt
FN:7,(anonymous_167)
FN:7,t
FN:7,(anonymous_169)
FN:7,(anonymous_170)
FN:7,(anonymous_171)
FN:7,(anonymous_172)
FN:7,Tt
FN:7,xt
FN:7,(anonymous_175)
FN:7,(anonymous_176)
FN:7,At
FN:7,(anonymous_178)
FN:7,t
FN:7,(anonymous_180)
FN:7,Rt
FN:7,Ft
FN:7,(anonymous_183)
FN:7,(anonymous_184)
FN:7,Lt
FN:7,Mt
FN:7,Vt
FN:7,Nt
FN:7,Ht
FN:7,zt
FN:7,Ut
FN:7,Gt
FN:7,Wt
FN:7,Yt
FN:7,qt
FN:7,Kt
FN:7,Jt
FN:7,Zt
FN:7,Qt
FN:7,te
FN:7,ee
FN:7,ne
FN:7,re
FN:7,ie
FN:7,(anonymous_205)
FN:7,(anonymous_206)
FN:7,oe
FN:7,(anonymous_208)
FN:7,(anonymous_209)
FN:7,(anonymous_210)
FN:7,(anonymous_211)
FN:7,ae
FN:7,se
FN:7,(anonymous_214)
FN:7,(anonymous_215)
FN:7,ue
FN:7,fe
FN:7,de
FN:7,(anonymous_219)
FN:7,(anonymous_220)
FN:7,he
FN:7,pe
FN:7,(anonymous_223)
FN:7,(anonymous_224)
FN:7,ye
FN:7,Oe
FN:7,we
FN:7,Se
FN:7,Te
FN:7,(anonymous_230)
FN:7,(anonymous_231)
FN:7,(anonymous_232)
FN:7,(anonymous_233)
FN:7,(anonymous_234)
FN:7,(anonymous_235)
FN:7,(anonymous_236)
FN:7,(anonymous_237)
FN:7,(anonymous_238)
FN:7,(anonymous_239)
FN:7,(anonymous_240)
FN:7,(anonymous_241)
FN:7,(anonymous_242)
FN:7,(anonymous_243)
FN:7,(anonymous_244)
FN:7,(anonymous_245)
FN:7,(anonymous_246)
FN:7,(anonymous_247)
FN:7,t
FN:7,(anonymous_249)
FN:7,(anonymous_250)
FN:7,(anonymous_251)
FN:7,(anonymous_252)
FN:7,Ce
FN:7,_e
FN:7,ke
FN:7,De
FN:7,$e
FN:7,Ee
FN:7,Ae
FN:7,(anonymous_260)
FN:7,Ie
FN:7,n
FN:7,Re
FN:7,Fe
FN:7,c
FN:7,Le
FN:7,Me
FN:7,Ve
FN:7,Ne
FN:7,He
FN:7,ze
FN:7,Ue
FN:7,Ge
FN:7,We
FN:7,Ye
FN:7,qe
FN:7,Ke
FN:7,(anonymous_278)
FN:7,(anonymous_279)
FN:7,Xe
FN:7,Je
FN:7,Ze
FN:7,Qe
FN:7,tn
FN:7,en
FN:7,nn
FN:7,rn
FN:7,on
FN:7,an
FN:7,sn
FN:7,cn
FN:7,ln
FN:7,un
FN:7,(anonymous_294)
FN:7,fn
FN:7,(anonymous_296)
FN:7,dn
FN:7,hn
FN:7,(anonymous_299)
FN:7,(anonymous_300)
FN:7,(anonymous_301)
FN:7,(anonymous_302)
FN:7,(anonymous_303)
FN:7,pn
FN:7,vn
FN:7,(anonymous_306)
FN:7,mn
FN:7,bn
FN:7,gn
FN:7,yn
FN:7,On
FN:7,wn
FN:7,Pn
FN:7,(anonymous_314)
FN:7,jn
FN:7,(anonymous_316)
FN:7,(anonymous_317)
FN:7,Tn
FN:7,(anonymous_319)
FN:7,(anonymous_320)
FN:7,xn
FN:7,Cn
FN:7,_n
FN:7,(anonymous_324)
FN:7,(anonymous_325)
FN:7,(anonymous_326)
FN:7,(anonymous_327)
FN:7,(anonymous_328)
FN:7,(anonymous_329)
FN:7,kn
FN:7,En
FN:7,An
FN:7,Bn
FN:7,In
FN:7,Rn
FN:7,Fn
FN:7,Ln
FN:7,(anonymous_338)
FN:7,Mn
FN:7,Vn
FN:7,Gn
FN:7,(anonymous_342)
FN:7,(anonymous_343)
FN:7,(anonymous_344)
FN:7,(anonymous_345)
FN:7,Xn
FN:7,(anonymous_347)
FN:7,(anonymous_348)
FN:7,Jn
FN:7,Zn
FN:7,(anonymous_351)
FN:7,Qn
FN:7,(anonymous_353)
FN:7,(anonymous_354)
FN:7,(anonymous_355)
FN:7,(anonymous_356)
FN:7,(anonymous_357)
FN:7,(anonymous_358)
FN:7,(anonymous_359)
FN:7,(anonymous_360)
FN:7,tr
FN:7,(anonymous_362)
FN:7,er
FN:7,pr
FN:7,mr
FN:7,gr
FN:7,yr
FN:7,(anonymous_368)
FN:7,t
FN:7,(anonymous_370)
FN:7,(anonymous_371)
FN:7,(anonymous_372)
FN:7,(anonymous_373)
FN:7,(anonymous_374)
FN:7,(anonymous_375)
FN:7,(anonymous_376)
FN:7,(anonymous_377)
FN:7,jr
FN:7,Sr
FN:7,Tr
FN:7,xr
FN:7,r
FN:7,Cr
FN:7,_r
FN:7,(anonymous_385)
FN:7,(anonymous_386)
FN:7,r
FN:7,(anonymous_388)
FN:7,(anonymous_389)
FN:7,Dr
FN:7,(anonymous_391)
FN:7,$r
FN:7,Er
FN:7,(anonymous_394)
FN:7,(anonymous_395)
FN:7,(anonymous_396)
FN:7,Ar
FN:7,(anonymous_398)
FN:7,(anonymous_399)
FN:7,Br
FN:7,Ir
FN:7,Rr
FN:7,Fr
FN:7,Lr
FN:7,Gr
FN:7,(anonymous_406)
FN:7,(anonymous_407)
FN:7,Xr
FN:7,Jr
FN:7,Zr
FN:7,Qr
FN:7,ti
FN:7,ei
FN:7,ni
FN:7,(anonymous_415)
FN:7,ri
FN:7,ii
FN:7,(anonymous_418)
FN:7,(anonymous_419)
FN:7,(anonymous_420)
FN:7,(anonymous_421)
FN:7,oi
FN:7,ai
FN:7,si
FN:7,ci
FN:7,(anonymous_426)
FN:7,(anonymous_427)
FN:7,(anonymous_428)
FN:7,(anonymous_429)
FN:7,fi
FN:7,di
FN:7,hi
FN:7,pi
FN:7,(anonymous_434)
FN:7,vi
FN:7,gi
FN:7,yi
FN:7,(anonymous_438)
FN:7,(anonymous_439)
FN:7,Oi
FN:7,wi
FN:7,Pi
FN:7,(anonymous_443)
FN:7,(anonymous_444)
FN:7,(anonymous_445)
FN:7,(anonymous_446)
FN:7,(anonymous_447)
FN:7,(anonymous_448)
FN:7,Si
FN:7,Ti
FN:7,xi
FN:7,Ci
FN:7,s
FN:7,_i
FN:7,ki
FN:7,Di
FN:7,Ei
FN:7,Ai
FN:7,Bi
FN:7,Ri
FN:7,(anonymous_461)
FN:7,(anonymous_462)
FN:7,Fi
FN:7,Li
FN:7,(anonymous_465)
FN:7,Mi
FN:7,Vi
FN:7,Hi
FN:7,zi
FN:7,Ui
FN:7,(anonymous_471)
FN:7,Gi
FN:7,(anonymous_473)
FN:7,Wi
FN:7,Yi
FN:7,qi
FN:7,Ki
FN:7,(anonymous_478)
FN:7,(anonymous_479)
FN:7,(anonymous_480)
FN:7,(anonymous_481)
FN:7,Ji
FN:7,(anonymous_483)
FN:7,Zi
FN:7,Qi
FN:7,to
FN:7,eo
FN:7,no
FN:7,(anonymous_489)
FN:7,ro
FN:7,(anonymous_491)
FN:7,io
FN:7,(anonymous_493)
FN:7,(anonymous_494)
FN:7,(anonymous_495)
FN:7,oo
FN:7,ao
FN:7,so
FN:7,(anonymous_499)
FN:7,(anonymous_500)
FN:7,co
FN:7,lo
FN:7,uo
FN:7,fo
FN:7,(anonymous_505)
FN:7,(anonymous_506)
FN:7,(anonymous_507)
FN:7,(anonymous_508)
FN:7,(anonymous_509)
FN:7,(anonymous_510)
FN:7,(anonymous_511)
FN:7,(anonymous_512)
FN:7,(anonymous_513)
FN:7,(anonymous_514)
FN:7,mo
FN:7,(anonymous_516)
FN:7,(anonymous_517)
FN:7,(anonymous_518)
FN:7,(anonymous_519)
FN:7,(anonymous_520)
FN:7,(anonymous_521)
FN:7,(anonymous_522)
FN:7,(anonymous_523)
FN:7,(anonymous_524)
FN:7,_o
FN:7,ko
FN:7,Do
FN:7,$o
FN:7,Eo
FN:7,Ao
FN:7,Bo
FN:7,(anonymous_532)
FN:7,Mo
FN:7,No
FN:7,zo
FN:7,Uo
FN:7,Go
FN:7,Wo
FN:7,Yo
FN:7,qo
FN:7,Ko
FN:7,Xo
FN:7,Jo
FN:7,Zo
FN:7,Qo
FN:7,ta
FN:7,ea
FN:7,(anonymous_548)
FN:7,(anonymous_549)
FN:7,(anonymous_550)
FN:7,ia
FN:7,oa
FN:7,ca
FN:7,la
FN:7,ua
FN:7,fa
FN:7,f
FN:7,d
FN:7,n
FN:7,h
FN:7,p
FN:7,v
FN:7,m
FN:7,b
FN:7,g
FN:7,O
FN:7,w
FN:7,P
FN:7,j
FN:7,S
FN:7,T
FN:7,x
FN:7,C
FN:7,_
FN:7,k
FN:7,D
FN:7,$
FN:7,A
FN:7,(anonymous_579)
FN:7,(anonymous_580)
FN:7,ha
FN:7,pa
FN:7,(anonymous_583)
FN:7,(anonymous_584)
FN:7,ma
FN:7,ba
FN:7,ga
FN:7,Oa
FN:7,wa
FN:7,Pa
FN:7,(anonymous_591)
FN:7,Sa
FN:7,ka
FN:7,Da
FN:7,i
FN:7,Ea
FN:7,(anonymous_597)
FN:7,Aa
FN:7,Ba
FN:7,(anonymous_600)
FN:7,Fa
FN:7,La
FN:7,Ma
FN:7,Va
FN:7,(anonymous_605)
FN:7,(anonymous_606)
FN:7,za
FN:7,Ua
FN:7,Ga
FN:7,(anonymous_610)
FN:7,(anonymous_611)
FN:7,Za
FN:7,es
FN:7,(anonymous_614)
FN:7,ns
FN:7,(anonymous_616)
FN:7,rs
FN:7,(anonymous_618)
FN:7,(anonymous_619)
FN:7,hs
FN:7,(anonymous_621)
FN:7,ps
FN:7,vs
FN:7,ms
FN:7,(anonymous_625)
FN:7,(anonymous_626)
FN:7,(anonymous_627)
FN:7,gs
FN:7,ys
FN:7,(anonymous_630)
FN:7,Os
FN:7,ws
FN:7,(anonymous_633)
FN:7,(anonymous_634)
FN:7,(anonymous_635)
FN:7,Ps
FN:7,(anonymous_637)
FN:7,j
FN:7,(anonymous_639)
FN:7,js
FN:7,Ss
FN:7,Ts
FN:7,(anonymous_643)
FN:7,(anonymous_644)
FN:7,(anonymous_645)
FN:7,(anonymous_646)
FN:7,(anonymous_647)
FN:7,(anonymous_648)
FN:7,(anonymous_649)
FN:7,$s
FN:7,(anonymous_651)
FN:7,Es
FN:7,As
FN:7,(anonymous_654)
FN:7,Bs
FN:7,Is
FN:7,Rs
FN:7,Fs
FN:7,Ls
FN:7,(anonymous_660)
FN:7,(anonymous_661)
FN:7,(anonymous_662)
FN:7,(anonymous_663)
FN:7,(anonymous_664)
FN:7,(anonymous_665)
FN:7,Hs
FN:7,zs
FN:7,Us
FN:7,Gs
FN:7,Ws
FN:7,(anonymous_671)
FN:7,(anonymous_672)
FN:7,(anonymous_673)
FN:7,(anonymous_674)
FN:7,(anonymous_675)
FN:7,(anonymous_676)
FN:7,(anonymous_677)
FN:7,(anonymous_678)
FN:7,(anonymous_679)
FN:7,(anonymous_680)
FN:7,(anonymous_681)
FN:7,t
FN:7,(anonymous_683)
FN:7,(anonymous_684)
FN:7,Zs
FN:7,Qs
FN:7,tc
FN:7,(anonymous_688)
FN:7,(anonymous_689)
FN:7,(anonymous_690)
FN:17,r
FN:17,o
FN:17,(anonymous_693)
FN:17,(anonymous_694)
FN:17,a
FN:17,s
FN:17,c
FN:17,l
FN:17,f
FN:17,d
FN:17,(anonymous_701)
FN:17,h
FN:17,(anonymous_703)
FN:17,(anonymous_704)
FN:17,(anonymous_705)
FN:17,p
FN:17,(anonymous_707)
FN:17,(anonymous_708)
FN:17,(anonymous_709)
FN:17,(anonymous_710)
FN:17,(anonymous_711)
FN:17,(anonymous_712)
FN:17,(anonymous_713)
FN:17,(anonymous_714)
FN:17,(anonymous_715)
FN:17,(anonymous_716)
FN:17,(anonymous_717)
FN:17,(anonymous_718)
FN:17,(anonymous_719)
FN:17,(anonymous_720)
FN:17,(anonymous_721)
FN:17,(anonymous_722)
FN:17,(anonymous_723)
FN:17,(anonymous_724)
FN:17,(anonymous_725)
FN:17,(anonymous_726)
FN:17,(anonymous_727)
FN:17,(anonymous_728)
FN:17,(anonymous_729)
FN:17,(anonymous_730)
FN:17,(anonymous_731)
FN:17,(anonymous_732)
FN:17,(anonymous_733)
FN:17,(anonymous_734)
FN:17,(anonymous_735)
FN:17,(anonymous_736)
FN:17,(anonymous_737)
FN:17,(anonymous_738)
FN:17,(anonymous_739)
FN:17,(anonymous_740)
FN:17,(anonymous_741)
FN:17,(anonymous_742)
FN:17,(anonymous_743)
FN:17,(anonymous_744)
FN:17,(anonymous_745)
FN:17,(anonymous_746)
FN:17,(anonymous_747)
FN:17,(anonymous_748)
FN:17,(anonymous_749)
FN:17,(anonymous_750)
FN:17,(anonymous_751)
FN:17,(anonymous_752)
FN:17,(anonymous_753)
FN:17,(anonymous_754)
FN:17,C
FN:17,(anonymous_756)
FN:17,(anonymous_757)
FN:17,(anonymous_758)
FN:17,(anonymous_759)
FN:17,(anonymous_760)
FN:23,r
FN:23,(anonymous_762)
FN:23,r
FN:23,(anonymous_764)
FN:23,(anonymous_765)
FN:23,a
FN:23,(anonymous_767)
FN:23,(anonymous_768)
FN:23,(anonymous_769)
FN:23,s
FN:23,c
FN:23,(anonymous_772)
FN:23,(anonymous_773)
FN:23,l
FN:23,(anonymous_775)
FN:23,u
FN:23,f
FN:23,d
FN:23,(anonymous_779)
FN:23,(anonymous_780)
FN:23,(anonymous_781)
FN:23,(anonymous_782)
FN:23,(anonymous_783)
FN:23,(anonymous_784)
FN:23,(anonymous_785)
FN:23,(anonymous_786)
FN:23,(anonymous_787)
FN:23,(anonymous_788)
FN:23,(anonymous_789)
FN:23,(anonymous_790)
FN:23,(anonymous_791)
FN:23,m
FN:23,(anonymous_793)
FN:23,(anonymous_794)
FN:23,(anonymous_795)
FN:23,(anonymous_796)
FN:23,(anonymous_797)
FN:23,(anonymous_798)
FN:23,(anonymous_799)
FN:23,(anonymous_800)
FN:23,(anonymous_801)
FN:23,(anonymous_802)
FN:23,(anonymous_803)
FN:23,(anonymous_804)
FN:23,(anonymous_805)
FN:23,O
FN:23,(anonymous_807)
FN:23,w
FN:23,P
FN:23,(anonymous_810)
FN:23,(anonymous_811)
FN:23,(anonymous_812)
FN:23,(anonymous_813)
FN:23,j
FN:23,(anonymous_815)
FN:23,(anonymous_816)
FN:23,(anonymous_817)
FN:23,(anonymous_818)
FN:23,(anonymous_819)
FN:23,S
FN:23,(anonymous_821)
FN:23,(anonymous_822)
FN:23,(anonymous_823)
FN:23,(anonymous_824)
FN:23,(anonymous_825)
FN:23,T
FN:23,(anonymous_827)
FN:23,(anonymous_828)
FN:23,x
FN:23,(anonymous_830)
FN:23,C
FN:23,(anonymous_832)
FN:23,(anonymous_833)
FN:23,_
FN:23,(anonymous_835)
FN:23,k
FN:23,(anonymous_837)
FN:23,(anonymous_838)
FN:23,D
FN:23,(anonymous_840)
FN:23,$
FN:23,E
FN:23,(anonymous_843)
FN:23,(anonymous_844)
FN:23,(anonymous_845)
FN:23,(anonymous_846)
FN:23,(anonymous_847)
FN:23,(anonymous_848)
FN:23,(anonymous_849)
FN:23,(anonymous_850)
FN:23,(anonymous_851)
FN:23,(anonymous_852)
FN:23,(anonymous_853)
FN:23,(anonymous_854)
FN:23,(anonymous_855)
FN:23,(anonymous_856)
FN:23,(anonymous_857)
FN:23,(anonymous_858)
FN:23,(anonymous_859)
FN:23,(anonymous_860)
FN:23,(anonymous_861)
FN:23,(anonymous_862)
FN:23,(anonymous_863)
FN:23,(anonymous_864)
FN:23,(anonymous_865)
FN:23,(anonymous_866)
FN:23,(anonymous_867)
FN:23,(anonymous_868)
FN:23,(anonymous_869)
FN:23,(anonymous_870)
FN:23,(anonymous_871)
FN:23,(anonymous_872)
FN:23,(anonymous_873)
FN:23,(anonymous_874)
FN:23,(anonymous_875)
FN:23,(anonymous_876)
FN:23,(anonymous_877)
FN:23,(anonymous_878)
FN:23,(anonymous_879)
FN:23,(anonymous_880)
FN:23,(anonymous_881)
FN:23,(anonymous_882)
FN:23,(anonymous_883)
FN:23,(anonymous_884)
FN:23,L
FN:23,(anonymous_886)
FN:23,(anonymous_887)
FN:23,M
FN:23,V
FN:23,(anonymous_890)
FN:23,N
FN:23,H
FN:23,(anonymous_893)
FN:23,(anonymous_894)
FN:23,(anonymous_895)
FN:23,(anonymous_896)
FN:23,(anonymous_897)
FN:23,(anonymous_898)
FN:23,(anonymous_899)
FN:23,(anonymous_900)
FN:23,z
FN:23,U
FN:23,G
FN:23,W
FN:23,Y
FN:23,(anonymous_906)
FN:23,i
FN:23,(anonymous_908)
FN:23,(anonymous_909)
FN:23,(anonymous_910)
FN:23,(anonymous_911)
FN:23,(anonymous_912)
FN:23,i
FN:23,(anonymous_914)
FN:23,(anonymous_915)
FN:23,(anonymous_916)
FN:23,(anonymous_917)
FN:23,(anonymous_918)
FN:23,(anonymous_919)
FN:23,(anonymous_920)
FN:23,(anonymous_921)
FN:23,(anonymous_922)
FN:23,(anonymous_923)
FN:23,(anonymous_924)
FN:23,(anonymous_925)
FN:23,(anonymous_926)
FN:23,(anonymous_927)
FN:23,(anonymous_928)
FN:23,(anonymous_929)
FN:23,(anonymous_930)
FN:23,(anonymous_931)
FN:23,i
FN:23,o
FN:23,a
FN:23,s
FN:23,c
FN:23,(anonymous_937)
FN:23,(anonymous_938)
FN:23,(anonymous_939)
FN:23,l
FN:23,u
FN:23,f
FN:23,(anonymous_943)
FN:23,(anonymous_944)
FN:23,(anonymous_945)
FN:23,(anonymous_946)
FN:23,(anonymous_947)
FN:23,(anonymous_948)
FN:23,c
FN:23,(anonymous_950)
FN:23,(anonymous_951)
FN:23,(anonymous_952)
FN:23,(anonymous_953)
FN:23,(anonymous_954)
FN:23,(anonymous_955)
FN:23,(anonymous_956)
FN:23,(anonymous_957)
FN:23,(anonymous_958)
FN:23,(anonymous_959)
FN:23,(anonymous_960)
FN:23,Q
FN:23,(anonymous_962)
FN:23,(anonymous_963)
FN:23,tt
FN:23,et
FN:23,nt
FN:23,(anonymous_967)
FN:23,rt
FN:23,it
FN:23,ot
FN:23,(anonymous_971)
FN:23,n
FN:23,at
FN:23,(anonymous_974)
FN:23,st
FN:23,(anonymous_976)
FN:23,ct
FN:23,lt
FN:23,(anonymous_979)
FN:23,ut
FN:23,(anonymous_981)
FN:23,(anonymous_982)
FN:23,n
FN:23,(anonymous_984)
FN:23,n
FN:23,(anonymous_986)
FN:23,n
FN:23,(anonymous_988)
FN:23,n
FN:23,vt
FN:23,(anonymous_991)
FN:23,(anonymous_992)
FN:23,(anonymous_993)
FN:23,(anonymous_994)
FN:23,(anonymous_995)
FN:23,(anonymous_996)
FN:23,(anonymous_997)
FN:23,(anonymous_998)
FN:23,(anonymous_999)
FN:23,(anonymous_1000)
FN:23,(anonymous_1001)
FN:23,(anonymous_1002)
FN:23,(anonymous_1003)
FN:23,(anonymous_1004)
FN:23,(anonymous_1005)
FN:23,(anonymous_1006)
FN:23,(anonymous_1007)
FN:23,(anonymous_1008)
FN:23,(anonymous_1009)
FN:23,(anonymous_1010)
FN:23,Bt
FN:23,(anonymous_1012)
FN:23,It
FN:23,(anonymous_1014)
FN:23,(anonymous_1015)
FN:23,Rt
FN:23,(anonymous_1017)
FN:23,(anonymous_1018)
FN:23,(anonymous_1019)
FN:23,(anonymous_1020)
FN:23,(anonymous_1021)
FN:23,(anonymous_1022)
FN:23,(anonymous_1023)
FN:23,(anonymous_1024)
FN:23,(anonymous_1025)
FN:23,(anonymous_1026)
FN:23,(anonymous_1027)
FN:23,(anonymous_1028)
FN:23,(anonymous_1029)
FN:23,(anonymous_1030)
FN:23,(anonymous_1031)
FN:23,t
FN:23,(anonymous_1033)
FN:23,(anonymous_1034)
FN:23,(anonymous_1035)
FN:23,(anonymous_1036)
FN:23,Jt
FN:23,(anonymous_1038)
FN:23,Zt
FN:23,(anonymous_1040)
FN:23,(anonymous_1041)
FN:23,Qt
FN:23,te
FN:23,ee
FN:23,ne
FN:23,re
FN:23,ie
FN:23,oe
FN:23,t
FN:23,(anonymous_1050)
FN:23,(anonymous_1051)
FN:23,(anonymous_1052)
FN:23,(anonymous_1053)
FN:23,(anonymous_1054)
FN:23,(anonymous_1055)
FN:23,(anonymous_1056)
FN:23,(anonymous_1057)
FN:23,(anonymous_1058)
FN:23,(anonymous_1059)
FN:23,ve
FN:23,me
FN:23,be
FN:23,(anonymous_1063)
FN:23,t
FN:23,(anonymous_1065)
FN:23,(anonymous_1066)
FN:23,(anonymous_1067)
FN:23,(anonymous_1068)
FN:23,(anonymous_1069)
FN:23,(anonymous_1070)
FN:23,(anonymous_1071)
FN:23,(anonymous_1072)
FN:23,Oe
FN:23,(anonymous_1074)
FN:23,we
FN:23,(anonymous_1076)
FN:23,(anonymous_1077)
FN:23,Pe
FN:23,(anonymous_1079)
FN:23,(anonymous_1080)
FN:23,(anonymous_1081)
FN:23,t
FN:23,(anonymous_1083)
FN:23,(anonymous_1084)
FN:23,(anonymous_1085)
FN:23,(anonymous_1086)
FN:23,(anonymous_1087)
FN:23,(anonymous_1088)
FN:23,(anonymous_1089)
FN:23,(anonymous_1090)
FN:23,Ae
FN:23,Be
FN:23,Ie
FN:23,(anonymous_1094)
FN:23,(anonymous_1095)
FN:23,(anonymous_1096)
FN:23,(anonymous_1097)
FN:23,(anonymous_1098)
FN:23,(anonymous_1099)
FN:23,(anonymous_1100)
FN:23,t
FN:23,(anonymous_1102)
FN:23,(anonymous_1103)
FN:23,(anonymous_1104)
FN:23,(anonymous_1105)
FN:23,(anonymous_1106)
FN:23,(anonymous_1107)
FN:23,(anonymous_1108)
FN:23,(anonymous_1109)
FN:23,(anonymous_1110)
FN:23,(anonymous_1111)
FN:23,(anonymous_1112)
FN:23,(anonymous_1113)
FN:23,(anonymous_1114)
FN:23,(anonymous_1115)
FN:23,(anonymous_1116)
FN:23,(anonymous_1117)
FN:23,(anonymous_1118)
FN:23,(anonymous_1119)
FN:23,(anonymous_1120)
FN:23,(anonymous_1121)
FN:23,(anonymous_1122)
FN:23,(anonymous_1123)
FN:23,(anonymous_1124)
FN:23,(anonymous_1125)
FN:23,(anonymous_1126)
FN:23,(anonymous_1127)
FN:23,(anonymous_1128)
FN:23,(anonymous_1129)
FN:23,(anonymous_1130)
FN:23,(anonymous_1131)
FN:23,(anonymous_1132)
FN:23,(anonymous_1133)
FN:23,(anonymous_1134)
FN:23,(anonymous_1135)
FN:23,(anonymous_1136)
FN:23,(anonymous_1137)
FN:23,(anonymous_1138)
FN:23,(anonymous_1139)
FN:23,(anonymous_1140)
FN:23,(anonymous_1141)
FN:23,(anonymous_1142)
FN:23,(anonymous_1143)
FN:23,(anonymous_1144)
FN:23,(anonymous_1145)
FN:23,(anonymous_1146)
FN:23,(anonymous_1147)
FN:23,(anonymous_1148)
FN:23,(anonymous_1149)
FN:23,(anonymous_1150)
FN:23,(anonymous_1151)
FN:23,(anonymous_1152)
FN:23,(anonymous_1153)
FN:23,(anonymous_1154)
FN:23,(anonymous_1155)
FN:23,(anonymous_1156)
FN:23,(anonymous_1157)
FN:23,(anonymous_1158)
FN:23,(anonymous_1159)
FN:23,(anonymous_1160)
FN:23,(anonymous_1161)
FN:23,(anonymous_1162)
FN:23,(anonymous_1163)
FN:23,rc
FN:23,(anonymous_1165)
FN:23,ic
FN:23,(anonymous_1167)
FN:23,(anonymous_1168)
FN:23,oc
FN:23,(anonymous_1170)
FN:23,(anonymous_1171)
FN:23,(anonymous_1172)
FN:23,(anonymous_1173)
FN:23,(anonymous_1174)
FN:23,(anonymous_1175)
FN:23,(anonymous_1176)
FN:23,(anonymous_1177)
FN:23,(anonymous_1178)
FN:23,(anonymous_1179)
FN:23,(anonymous_1180)
FN:23,(anonymous_1181)
FN:23,(anonymous_1182)
FN:23,mc
FN:23,(anonymous_1184)
FN:23,(anonymous_1185)
FN:23,(anonymous_1186)
FN:23,(anonymous_1187)
FN:23,(anonymous_1188)
FN:23,(anonymous_1189)
FN:23,(anonymous_1190)
FN:23,(anonymous_1191)
FN:23,(anonymous_1192)
FN:23,(anonymous_1193)
FN:23,(anonymous_1194)
FN:23,(anonymous_1195)
FN:23,(anonymous_1196)
FN:23,(anonymous_1197)
FN:23,kc
FN:23,(anonymous_1199)
FN:23,(anonymous_1200)
FN:23,Ec
FN:23,(anonymous_1202)
FN:23,Ac
FN:23,(anonymous_1204)
FN:23,(anonymous_1205)
FN:23,Bc
FN:23,(anonymous_1207)
FN:23,Vc
FN:23,(anonymous_1209)
FN:23,Nc
FN:23,(anonymous_1211)
FN:23,(anonymous_1212)
FN:23,Hc
FN:23,(anonymous_1214)
FN:23,(anonymous_1215)
FN:23,(anonymous_1216)
FN:23,(anonymous_1217)
FN:23,(anonymous_1218)
FN:23,(anonymous_1219)
FN:23,(anonymous_1220)
FN:23,(anonymous_1221)
FN:23,(anonymous_1222)
FN:23,(anonymous_1223)
FN:23,(anonymous_1224)
FN:23,(anonymous_1225)
FN:23,(anonymous_1226)
FN:23,(anonymous_1227)
FN:23,al
FN:23,sl
FN:23,cl
FN:23,ll
FN:23,ul
FN:23,fl
FN:23,(anonymous_1234)
FN:23,(anonymous_1235)
FN:23,(anonymous_1236)
FN:23,(anonymous_1237)
FN:23,(anonymous_1238)
FN:23,(anonymous_1239)
FN:23,(anonymous_1240)
FN:23,(anonymous_1241)
FN:23,(anonymous_1242)
FN:23,(anonymous_1243)
FN:23,(anonymous_1244)
FN:23,(anonymous_1245)
FN:23,(anonymous_1246)
FN:23,(anonymous_1247)
FN:23,(anonymous_1248)
FN:23,(anonymous_1249)
FN:23,Cl
FN:23,(anonymous_1251)
FN:23,El
FN:23,(anonymous_1253)
FN:23,Al
FN:23,(anonymous_1255)
FN:23,(anonymous_1256)
FN:23,Bl
FN:23,(anonymous_1258)
FN:23,(anonymous_1259)
FN:23,eu
FN:23,(anonymous_1261)
FN:23,nu
FN:23,(anonymous_1263)
FN:23,(anonymous_1264)
FN:23,ru
FN:23,t
FN:23,(anonymous_1267)
FN:23,(anonymous_1268)
FN:23,t
FN:23,ju
FN:23,(anonymous_1271)
FN:23,(anonymous_1272)
FN:23,(anonymous_1273)
FN:23,(anonymous_1274)
FN:23,(anonymous_1275)
FN:23,(anonymous_1276)
FN:23,(anonymous_1277)
FN:23,(anonymous_1278)
FN:23,(anonymous_1279)
FN:23,(anonymous_1280)
FN:23,(anonymous_1281)
FN:23,(anonymous_1282)
FN:23,(anonymous_1283)
FN:23,(anonymous_1284)
FN:23,t
FN:23,(anonymous_1286)
FN:23,(anonymous_1287)
FN:23,$u
FN:23,Eu
FN:23,Au
FN:23,Bu
FN:23,Iu
FN:23,Ru
FN:23,Fu
FN:23,(anonymous_1295)
FN:23,Lu
FN:23,(anonymous_1297)
FN:23,(anonymous_1298)
FN:23,Mu
FN:23,(anonymous_1300)
FN:23,(anonymous_1301)
FN:23,(anonymous_1302)
FN:23,(anonymous_1303)
FN:23,(anonymous_1304)
FN:23,(anonymous_1305)
FN:23,(anonymous_1306)
FN:23,(anonymous_1307)
FN:23,(anonymous_1308)
FN:23,(anonymous_1309)
FN:23,(anonymous_1310)
FN:23,(anonymous_1311)
FN:23,(anonymous_1312)
FN:23,Gu
FN:23,(anonymous_1314)
FN:23,Wu
FN:23,(anonymous_1316)
FN:23,(anonymous_1317)
FN:23,Yu
FN:23,(anonymous_1319)
FN:23,(anonymous_1320)
FN:23,(anonymous_1321)
FN:23,(anonymous_1322)
FN:23,(anonymous_1323)
FN:23,(anonymous_1324)
FN:23,(anonymous_1325)
FN:23,(anonymous_1326)
FN:23,(anonymous_1327)
FN:23,(anonymous_1328)
FN:23,(anonymous_1329)
FN:23,(anonymous_1330)
FN:23,af
FN:23,(anonymous_1332)
FN:23,sf
FN:23,(anonymous_1334)
FN:23,(anonymous_1335)
FN:23,cf
FN:23,(anonymous_1337)
FN:23,(anonymous_1338)
FN:23,(anonymous_1339)
FN:23,(anonymous_1340)
FN:23,(anonymous_1341)
FN:23,(anonymous_1342)
FN:23,(anonymous_1343)
FN:23,(anonymous_1344)
FN:23,(anonymous_1345)
FN:23,(anonymous_1346)
FN:23,(anonymous_1347)
FN:23,(anonymous_1348)
FN:23,(anonymous_1349)
FN:23,(anonymous_1350)
FN:23,(anonymous_1351)
FN:23,(anonymous_1352)
FN:23,(anonymous_1353)
FN:23,Of
FN:23,(anonymous_1355)
FN:23,wf
FN:23,(anonymous_1357)
FN:23,(anonymous_1358)
FN:23,Pf
FN:23,(anonymous_1360)
FN:23,(anonymous_1361)
FN:23,(anonymous_1362)
FN:23,kf
FN:23,(anonymous_1364)
FN:23,Df
FN:23,(anonymous_1366)
FN:23,(anonymous_1367)
FN:23,$f
FN:23,(anonymous_1369)
FN:23,(anonymous_1370)
FN:23,Rf
FN:23,(anonymous_1372)
FN:23,Ff
FN:23,(anonymous_1374)
FN:23,(anonymous_1375)
FN:23,Lf
FN:23,(anonymous_1377)
FN:23,(anonymous_1378)
FN:23,zf
FN:23,(anonymous_1380)
FN:23,Uf
FN:23,(anonymous_1382)
FN:23,(anonymous_1383)
FN:23,Gf
FN:23,(anonymous_1385)
FN:23,(anonymous_1386)
FN:23,(anonymous_1387)
FN:23,(anonymous_1388)
FN:23,(anonymous_1389)
FN:23,(anonymous_1390)
FN:23,(anonymous_1391)
FN:23,(anonymous_1392)
FN:23,(anonymous_1393)
FN:23,(anonymous_1394)
FN:23,(anonymous_1395)
FN:23,(anonymous_1396)
FN:23,od
FN:23,ad
FN:23,sd
FN:23,cd
FN:23,ld
FN:23,ud
FN:23,fd
FN:23,(anonymous_1404)
FN:23,dd
FN:23,(anonymous_1406)
FN:23,hd
FN:23,(anonymous_1408)
FN:23,(anonymous_1409)
FN:23,(anonymous_1410)
FN:23,(anonymous_1411)
FN:23,(anonymous_1412)
FN:23,(anonymous_1413)
FN:23,(anonymous_1414)
FN:23,(anonymous_1415)
FN:23,(anonymous_1416)
FN:23,(anonymous_1417)
FN:23,(anonymous_1418)
FN:23,(anonymous_1419)
FN:23,(anonymous_1420)
FN:23,(anonymous_1421)
FN:23,(anonymous_1422)
FN:23,(anonymous_1423)
FN:23,(anonymous_1424)
FN:23,(anonymous_1425)
FN:23,(anonymous_1426)
FN:23,(anonymous_1427)
FN:23,(anonymous_1428)
FN:23,(anonymous_1429)
FN:23,(anonymous_1430)
FN:23,(anonymous_1431)
FN:23,(anonymous_1432)
FN:23,Id
FN:23,(anonymous_1434)
FN:23,Rd
FN:23,(anonymous_1436)
FN:23,(anonymous_1437)
FN:23,Fd
FN:23,(anonymous_1439)
FN:23,(anonymous_1440)
FN:23,(anonymous_1441)
FN:23,(anonymous_1442)
FN:23,(anonymous_1443)
FN:23,(anonymous_1444)
FN:23,(anonymous_1445)
FN:23,(anonymous_1446)
FN:23,(anonymous_1447)
FN:23,(anonymous_1448)
FN:23,(anonymous_1449)
FN:23,(anonymous_1450)
FN:23,(anonymous_1451)
FN:23,(anonymous_1452)
FN:23,(anonymous_1453)
FN:23,(anonymous_1454)
FN:23,(anonymous_1455)
FN:23,(anonymous_1456)
FN:23,(anonymous_1457)
FN:23,(anonymous_1458)
FN:23,(anonymous_1459)
FN:23,(anonymous_1460)
FN:23,(anonymous_1461)
FN:23,(anonymous_1462)
FN:23,(anonymous_1463)
FN:23,(anonymous_1464)
FN:23,(anonymous_1465)
FN:23,(anonymous_1466)
FN:23,(anonymous_1467)
FN:23,(anonymous_1468)
FN:23,(anonymous_1469)
FN:23,(anonymous_1470)
FN:23,(anonymous_1471)
FN:23,(anonymous_1472)
FN:23,(anonymous_1473)
FN:23,(anonymous_1474)
FN:23,(anonymous_1475)
FN:23,(anonymous_1476)
FN:23,(anonymous_1477)
FN:23,(anonymous_1478)
FN:23,(anonymous_1479)
FN:23,(anonymous_1480)
FN:23,(anonymous_1481)
FN:23,(anonymous_1482)
FN:23,(anonymous_1483)
FN:23,(anonymous_1484)
FN:23,(anonymous_1485)
FN:23,(anonymous_1486)
FN:23,(anonymous_1487)
FN:23,(anonymous_1488)
FN:23,(anonymous_1489)
FN:23,(anonymous_1490)
FN:23,(anonymous_1491)
FN:23,(anonymous_1492)
FN:23,(anonymous_1493)
FN:23,(anonymous_1494)
FN:23,(anonymous_1495)
FN:23,(anonymous_1496)
FN:23,(anonymous_1497)
FN:23,(anonymous_1498)
FN:23,(anonymous_1499)
FN:23,(anonymous_1500)
FN:23,(anonymous_1501)
FN:23,(anonymous_1502)
FN:23,(anonymous_1503)
FN:23,(anonymous_1504)
FN:23,(anonymous_1505)
FN:23,(anonymous_1506)
FN:23,(anonymous_1507)
FN:23,(anonymous_1508)
FN:23,(anonymous_1509)
FN:23,(anonymous_1510)
FN:23,(anonymous_1511)
FN:23,(anonymous_1512)
FN:23,(anonymous_1513)
FN:23,(anonymous_1514)
FN:23,(anonymous_1515)
FN:23,(anonymous_1516)
FN:23,(anonymous_1517)
FN:23,(anonymous_1518)
FN:23,(anonymous_1519)
FN:23,(anonymous_1520)
FN:23,(anonymous_1521)
FN:23,(anonymous_1522)
FN:23,(anonymous_1523)
FN:23,(anonymous_1524)
FN:23,(anonymous_1525)
FN:23,(anonymous_1526)
FN:23,Jd
FN:23,(anonymous_1528)
FN:23,Zd
FN:23,(anonymous_1530)
FN:23,(anonymous_1531)
FN:23,Qd
FN:23,(anonymous_1533)
FN:23,nh
FN:23,(anonymous_1535)
FN:23,rh
FN:23,(anonymous_1537)
FN:23,(anonymous_1538)
FN:23,ih
FN:23,(anonymous_1540)
FN:23,sh
FN:23,(anonymous_1542)
FN:23,ch
FN:23,(anonymous_1544)
FN:23,(anonymous_1545)
FN:23,lh
FN:23,(anonymous_1547)
FN:23,dh
FN:23,(anonymous_1549)
FN:23,(anonymous_1550)
FN:23,bh
FN:23,(anonymous_1552)
FN:23,gh
FN:23,(anonymous_1554)
FN:23,(anonymous_1555)
FN:23,yh
FN:23,(anonymous_1557)
FN:23,Ph
FN:23,(anonymous_1559)
FN:23,jh
FN:23,(anonymous_1561)
FN:23,(anonymous_1562)
FN:23,Sh
FN:23,(anonymous_1564)
FN:23,_h
FN:23,kh
FN:23,Dh
FN:23,(anonymous_1568)
FN:23,t
FN:23,(anonymous_1570)
FN:23,(anonymous_1571)
FN:23,(anonymous_1572)
FN:23,(anonymous_1573)
FN:23,(anonymous_1574)
FN:23,(anonymous_1575)
FN:23,(anonymous_1576)
FN:23,(anonymous_1577)
FN:23,(anonymous_1578)
FN:23,(anonymous_1579)
FN:23,Mh
FN:23,(anonymous_1581)
FN:23,Vh
FN:23,(anonymous_1583)
FN:23,(anonymous_1584)
FN:23,Nh
FN:23,(anonymous_1586)
FN:23,(anonymous_1587)
FN:23,(anonymous_1588)
FN:23,(anonymous_1589)
FN:23,(anonymous_1590)
FN:23,(anonymous_1591)
FN:23,(anonymous_1592)
FN:23,(anonymous_1593)
FN:23,(anonymous_1594)
FN:23,(anonymous_1595)
FN:23,(anonymous_1596)
FN:23,(anonymous_1597)
FN:23,(anonymous_1598)
FN:23,(anonymous_1599)
FN:23,Yh
FN:23,(anonymous_1601)
FN:23,qh
FN:23,(anonymous_1603)
FN:23,(anonymous_1604)
FN:23,Kh
FN:23,(anonymous_1606)
FN:23,(anonymous_1607)
FN:23,(anonymous_1608)
FN:23,(anonymous_1609)
FN:23,ip
FN:23,(anonymous_1611)
FN:23,op
FN:23,(anonymous_1613)
FN:23,(anonymous_1614)
FN:23,ap
FN:23,(anonymous_1616)
FN:23,(anonymous_1617)
FN:23,lp
FN:23,(anonymous_1619)
FN:23,up
FN:23,(anonymous_1621)
FN:23,(anonymous_1622)
FN:23,fp
FN:23,(anonymous_1624)
FN:23,(anonymous_1625)
FN:23,(anonymous_1626)
FN:23,(anonymous_1627)
FN:23,(anonymous_1628)
FN:23,(anonymous_1629)
FN:23,(anonymous_1630)
FN:23,(anonymous_1631)
FN:23,(anonymous_1632)
FN:23,(anonymous_1633)
FN:23,(anonymous_1634)
FN:23,(anonymous_1635)
FN:23,e
FN:23,(anonymous_1637)
FN:23,(anonymous_1638)
FN:23,(anonymous_1639)
FN:23,(anonymous_1640)
FN:23,(anonymous_1641)
FN:23,(anonymous_1642)
FN:23,(anonymous_1643)
FN:23,(anonymous_1644)
FN:23,(anonymous_1645)
FN:23,(anonymous_1646)
FN:23,(anonymous_1647)
FN:23,(anonymous_1648)
FN:23,(anonymous_1649)
FN:23,(anonymous_1650)
FN:23,(anonymous_1651)
FN:23,e
FN:23,(anonymous_1653)
FN:23,(anonymous_1654)
FN:23,(anonymous_1655)
FN:23,(anonymous_1656)
FN:23,(anonymous_1657)
FN:23,(anonymous_1658)
FN:23,(anonymous_1659)
FN:23,(anonymous_1660)
FN:23,(anonymous_1661)
FN:23,(anonymous_1662)
FN:23,(anonymous_1663)
FN:23,(anonymous_1664)
FN:23,(anonymous_1665)
FN:23,(anonymous_1666)
FN:23,(anonymous_1667)
FN:23,(anonymous_1668)
FN:23,(anonymous_1669)
FN:23,(anonymous_1670)
FN:23,xp
FN:23,(anonymous_1672)
FN:23,Cp
FN:23,(anonymous_1674)
FN:23,(anonymous_1675)
FN:23,_p
FN:23,(anonymous_1677)
FN:23,(anonymous_1678)
FN:23,(anonymous_1679)
FN:23,(anonymous_1680)
FN:23,(anonymous_1681)
FN:23,(anonymous_1682)
FN:23,(anonymous_1683)
FN:23,(anonymous_1684)
FN:23,(anonymous_1685)
FN:23,(anonymous_1686)
FN:23,(anonymous_1687)
FN:23,(anonymous_1688)
FN:23,(anonymous_1689)
FN:23,zp
FN:23,(anonymous_1691)
FN:23,Up
FN:23,(anonymous_1693)
FN:23,(anonymous_1694)
FN:23,Gp
FN:23,(anonymous_1696)
FN:23,(anonymous_1697)
FN:23,(anonymous_1698)
FN:23,(anonymous_1699)
FN:23,(anonymous_1700)
FN:23,(anonymous_1701)
FN:23,(anonymous_1702)
FN:23,(anonymous_1703)
FN:23,(anonymous_1704)
FN:23,(anonymous_1705)
FN:23,(anonymous_1706)
FN:23,(anonymous_1707)
FN:23,(anonymous_1708)
FN:23,(anonymous_1709)
FN:23,(anonymous_1710)
FN:23,(anonymous_1711)
FN:23,(anonymous_1712)
FN:23,(anonymous_1713)
FN:23,(anonymous_1714)
FN:23,(anonymous_1715)
FN:23,(anonymous_1716)
FN:23,(anonymous_1717)
FN:23,(anonymous_1718)
FN:23,(anonymous_1719)
FN:23,(anonymous_1720)
FN:23,(anonymous_1721)
FN:23,(anonymous_1722)
FN:23,(anonymous_1723)
FN:23,(anonymous_1724)
FN:23,(anonymous_1725)
FN:23,(anonymous_1726)
FN:23,(anonymous_1727)
FN:23,(anonymous_1728)
FN:23,(anonymous_1729)
FN:23,(anonymous_1730)
FN:23,(anonymous_1731)
FN:23,(anonymous_1732)
FN:23,(anonymous_1733)
FN:23,(anonymous_1734)
FN:23,(anonymous_1735)
FN:23,(anonymous_1736)
FN:23,(anonymous_1737)
FN:23,(anonymous_1738)
FN:23,(anonymous_1739)
FN:23,(anonymous_1740)
FN:23,(anonymous_1741)
FN:23,Hv
FN:23,zv
FN:23,Uv
FN:23,(anonymous_1745)
FN:23,t
FN:23,(anonymous_1747)
FN:23,(anonymous_1748)
FN:23,(anonymous_1749)
FN:23,(anonymous_1750)
FN:23,(anonymous_1751)
FN:23,(anonymous_1752)
FN:23,(anonymous_1753)
FN:23,(anonymous_1754)
FN:23,(anonymous_1755)
FN:23,(anonymous_1756)
FN:23,(anonymous_1757)
FN:23,(anonymous_1758)
FN:23,(anonymous_1759)
FN:23,(anonymous_1760)
FN:23,(anonymous_1761)
FN:23,(anonymous_1762)
FN:23,qv
FN:23,(anonymous_1764)
FN:23,Kv
FN:23,(anonymous_1766)
FN:23,(anonymous_1767)
FN:23,Xv
FN:23,(anonymous_1769)
FN:23,(anonymous_1770)
FN:23,(anonymous_1771)
FN:23,(anonymous_1772)
FN:23,(anonymous_1773)
FN:23,(anonymous_1774)
FN:23,(anonymous_1775)
FN:23,(anonymous_1776)
FN:23,(anonymous_1777)
FN:23,(anonymous_1778)
FN:23,(anonymous_1779)
FN:23,(anonymous_1780)
FN:23,(anonymous_1781)
FN:23,(anonymous_1782)
FN:23,(anonymous_1783)
FN:23,(anonymous_1784)
FN:23,(anonymous_1785)
FN:23,(anonymous_1786)
FN:23,(anonymous_1787)
FN:23,(anonymous_1788)
FN:23,(anonymous_1789)
FN:23,(anonymous_1790)
FN:23,(anonymous_1791)
FN:23,(anonymous_1792)
FN:23,(anonymous_1793)
FN:23,(anonymous_1794)
FN:23,(anonymous_1795)
FN:23,(anonymous_1796)
FN:23,(anonymous_1797)
FN:23,(anonymous_1798)
FN:23,(anonymous_1799)
FN:23,(anonymous_1800)
FN:23,(anonymous_1801)
FN:23,(anonymous_1802)
FN:23,(anonymous_1803)
FN:23,(anonymous_1804)
FN:23,(anonymous_1805)
FN:23,(anonymous_1806)
FN:23,(anonymous_1807)
FN:23,(anonymous_1808)
FN:23,(anonymous_1809)
FN:23,(anonymous_1810)
FN:23,(anonymous_1811)
FN:23,(anonymous_1812)
FN:23,(anonymous_1813)
FN:23,im
FN:23,(anonymous_1815)
FN:23,om
FN:23,(anonymous_1817)
FN:23,(anonymous_1818)
FN:23,am
FN:23,(anonymous_1820)
FN:23,(anonymous_1821)
FN:23,(anonymous_1822)
FN:23,(anonymous_1823)
FN:23,(anonymous_1824)
FN:23,lm
FN:23,(anonymous_1826)
FN:23,um
FN:23,(anonymous_1828)
FN:23,(anonymous_1829)
FN:23,fm
FN:23,(anonymous_1831)
FN:23,(anonymous_1832)
FN:23,(anonymous_1833)
FN:23,(anonymous_1834)
FN:23,(anonymous_1835)
FN:23,vm
FN:23,(anonymous_1837)
FN:23,mm
FN:23,(anonymous_1839)
FN:23,(anonymous_1840)
FN:23,bm
FN:23,(anonymous_1842)
FN:23,(anonymous_1843)
FN:23,(anonymous_1844)
FN:23,(anonymous_1845)
FN:23,Om
FN:23,(anonymous_1847)
FN:23,wm
FN:23,(anonymous_1849)
FN:23,(anonymous_1850)
FN:23,Pm
FN:23,(anonymous_1852)
FN:23,Tm
FN:23,(anonymous_1854)
FN:23,xm
FN:23,(anonymous_1856)
FN:23,(anonymous_1857)
FN:23,Cm
FN:23,(anonymous_1859)
FN:23,(anonymous_1860)
FN:23,Em
FN:23,(anonymous_1862)
FN:23,Am
FN:23,(anonymous_1864)
FN:23,(anonymous_1865)
FN:23,Bm
FN:23,(anonymous_1867)
FN:23,Fm
FN:23,(anonymous_1869)
FN:23,Vm
FN:23,(anonymous_1871)
FN:23,Nm
FN:23,(anonymous_1873)
FN:23,(anonymous_1874)
FN:23,Hm
FN:23,(anonymous_1876)
FN:23,Wm
FN:23,(anonymous_1878)
FN:23,(anonymous_1879)
FN:23,(anonymous_1880)
FN:23,(anonymous_1881)
FN:23,(anonymous_1882)
FN:23,(anonymous_1883)
FN:23,(anonymous_1884)
FN:23,tb
FN:23,(anonymous_1886)
FN:23,eb
FN:23,(anonymous_1888)
FN:23,(anonymous_1889)
FN:23,nb
FN:23,(anonymous_1891)
FN:23,(anonymous_1892)
FN:23,ob
FN:23,(anonymous_1894)
FN:23,(anonymous_1895)
FN:23,(anonymous_1896)
FN:23,(anonymous_1897)
FN:23,(anonymous_1898)
FN:23,(anonymous_1899)
FN:23,(anonymous_1900)
FN:23,(anonymous_1901)
FN:23,(anonymous_1902)
FN:23,(anonymous_1903)
FN:23,(anonymous_1904)
FN:23,(anonymous_1905)
FN:23,(anonymous_1906)
FN:23,(anonymous_1907)
FN:23,(anonymous_1908)
FN:23,Cb
FN:23,(anonymous_1910)
FN:23,_b
FN:23,(anonymous_1912)
FN:23,(anonymous_1913)
FN:23,kb
FN:23,(anonymous_1915)
FN:23,(anonymous_1916)
FN:23,(anonymous_1917)
FN:23,(anonymous_1918)
FN:23,(anonymous_1919)
FN:23,(anonymous_1920)
FN:23,(anonymous_1921)
FN:23,(anonymous_1922)
FN:23,(anonymous_1923)
FN:23,(anonymous_1924)
FN:23,(anonymous_1925)
FN:23,(anonymous_1926)
FN:23,(anonymous_1927)
FN:23,(anonymous_1928)
FN:23,(anonymous_1929)
FN:23,(anonymous_1930)
FN:23,(anonymous_1931)
FN:23,(anonymous_1932)
FN:23,(anonymous_1933)
FN:23,(anonymous_1934)
FN:23,(anonymous_1935)
FN:23,(anonymous_1936)
FN:23,(anonymous_1937)
FN:23,(anonymous_1938)
FN:23,(anonymous_1939)
FN:23,(anonymous_1940)
FN:23,(anonymous_1941)
FN:23,(anonymous_1942)
FN:23,(anonymous_1943)
FN:23,(anonymous_1944)
FN:23,Lb
FN:23,(anonymous_1946)
FN:23,Mb
FN:23,(anonymous_1948)
FN:23,(anonymous_1949)
FN:23,Vb
FN:23,(anonymous_1951)
FN:23,(anonymous_1952)
FN:23,(anonymous_1953)
FN:23,(anonymous_1954)
FN:23,(anonymous_1955)
FN:23,(anonymous_1956)
FN:23,(anonymous_1957)
FN:23,(anonymous_1958)
FN:23,(anonymous_1959)
FN:23,qb
FN:23,(anonymous_1961)
FN:23,Kb
FN:23,(anonymous_1963)
FN:23,(anonymous_1964)
FN:23,Xb
FN:23,(anonymous_1966)
FN:23,(anonymous_1967)
FN:23,(anonymous_1968)
FN:23,(anonymous_1969)
FN:23,(anonymous_1970)
FN:23,(anonymous_1971)
FN:23,(anonymous_1972)
FN:23,(anonymous_1973)
FN:23,ag
FN:23,(anonymous_1975)
FN:23,sg
FN:23,(anonymous_1977)
FN:23,(anonymous_1978)
FN:23,cg
FN:23,(anonymous_1980)
FN:23,(anonymous_1981)
FN:23,(anonymous_1982)
FN:23,(anonymous_1983)
FN:23,(anonymous_1984)
FN:23,(anonymous_1985)
FN:23,(anonymous_1986)
FN:23,yg
FN:23,(anonymous_1988)
FN:23,Og
FN:23,(anonymous_1990)
FN:23,(anonymous_1991)
FN:23,wg
FN:23,(anonymous_1993)
FN:23,(anonymous_1994)
FN:23,(anonymous_1995)
FN:23,(anonymous_1996)
FN:23,(anonymous_1997)
FN:23,(anonymous_1998)
FN:23,(anonymous_1999)
FN:23,(anonymous_2000)
FN:23,(anonymous_2001)
FN:23,(anonymous_2002)
FN:23,(anonymous_2003)
FN:23,(anonymous_2004)
FN:23,Tg
FN:23,(anonymous_2006)
FN:23,xg
FN:23,(anonymous_2008)
FN:23,(anonymous_2009)
FN:23,Cg
FN:23,(anonymous_2011)
FN:23,(anonymous_2012)
FN:23,(anonymous_2013)
FN:23,(anonymous_2014)
FN:23,(anonymous_2015)
FN:23,(anonymous_2016)
FN:23,(anonymous_2017)
FN:23,(anonymous_2018)
FN:23,(anonymous_2019)
FN:23,(anonymous_2020)
FN:23,(anonymous_2021)
FN:23,(anonymous_2022)
FN:23,(anonymous_2023)
FN:23,(anonymous_2024)
FN:23,(anonymous_2025)
FN:23,(anonymous_2026)
FN:23,(anonymous_2027)
FN:23,(anonymous_2028)
FN:23,(anonymous_2029)
FN:23,(anonymous_2030)
FN:23,(anonymous_2031)
FN:23,(anonymous_2032)
FN:23,(anonymous_2033)
FN:23,(anonymous_2034)
FN:23,Mg
FN:23,(anonymous_2036)
FN:23,Vg
FN:23,(anonymous_2038)
FN:23,(anonymous_2039)
FN:23,Ng
FN:23,(anonymous_2041)
FN:23,t
FN:23,(anonymous_2043)
FN:23,(anonymous_2044)
FN:23,(anonymous_2045)
FN:23,(anonymous_2046)
FN:23,(anonymous_2047)
FN:23,(anonymous_2048)
FN:23,(anonymous_2049)
FN:23,t
FN:23,(anonymous_2051)
FN:23,o
FN:23,(anonymous_2053)
FN:23,(anonymous_2054)
FN:23,(anonymous_2055)
FN:23,(anonymous_2056)
FN:23,(anonymous_2057)
FN:23,(anonymous_2058)
FN:23,(anonymous_2059)
FN:23,(anonymous_2060)
FN:23,(anonymous_2061)
FN:23,(anonymous_2062)
FN:23,(anonymous_2063)
FN:23,(anonymous_2064)
FN:23,(anonymous_2065)
FN:23,(anonymous_2066)
FN:23,(anonymous_2067)
FN:23,(anonymous_2068)
FN:23,(anonymous_2069)
FN:23,(anonymous_2070)
FN:23,(anonymous_2071)
FN:23,(anonymous_2072)
FN:23,(anonymous_2073)
FN:23,(anonymous_2074)
FN:23,(anonymous_2075)
FN:23,(anonymous_2076)
FN:23,(anonymous_2077)
FN:23,(anonymous_2078)
FN:23,(anonymous_2079)
FN:23,(anonymous_2080)
FN:23,(anonymous_2081)
FN:23,(anonymous_2082)
FN:23,(anonymous_2083)
FN:23,(anonymous_2084)
FN:23,(anonymous_2085)
FN:23,(anonymous_2086)
FN:23,(anonymous_2087)
FN:23,(anonymous_2088)
FN:23,(anonymous_2089)
FN:23,(anonymous_2090)
FN:23,(anonymous_2091)
FN:23,(anonymous_2092)
FN:23,(anonymous_2093)
FN:23,(anonymous_2094)
FN:23,(anonymous_2095)
FN:23,(anonymous_2096)
FN:23,(anonymous_2097)
FN:23,ry
FN:23,(anonymous_2099)
FN:23,iy
FN:23,(anonymous_2101)
FN:23,(anonymous_2102)
FN:23,oy
FN:23,(anonymous_2104)
FN:23,(anonymous_2105)
FN:23,(anonymous_2106)
FN:23,(anonymous_2107)
FN:23,(anonymous_2108)
FN:23,(anonymous_2109)
FN:23,(anonymous_2110)
FN:23,(anonymous_2111)
FN:23,(anonymous_2112)
FN:23,dy
FN:23,(anonymous_2114)
FN:23,hy
FN:23,(anonymous_2116)
FN:23,(anonymous_2117)
FN:23,py
FN:23,(anonymous_2119)
FN:23,(anonymous_2120)
FN:23,(anonymous_2121)
FN:23,(anonymous_2122)
FN:23,(anonymous_2123)
FN:23,(anonymous_2124)
FN:23,(anonymous_2125)
FN:23,(anonymous_2126)
FN:23,(anonymous_2127)
FN:23,(anonymous_2128)
FN:23,(anonymous_2129)
FN:23,(anonymous_2130)
FN:23,(anonymous_2131)
FN:23,(anonymous_2132)
FN:23,(anonymous_2133)
FN:23,(anonymous_2134)
FN:23,(anonymous_2135)
FN:23,(anonymous_2136)
FN:23,(anonymous_2137)
FN:23,(anonymous_2138)
FN:23,(anonymous_2139)
FN:23,(anonymous_2140)
FN:23,(anonymous_2141)
FN:23,(anonymous_2142)
FN:23,(anonymous_2143)
FN:23,(anonymous_2144)
FN:23,(anonymous_2145)
FN:23,(anonymous_2146)
FN:23,(anonymous_2147)
FN:23,(anonymous_2148)
FN:23,Py
FN:23,(anonymous_2150)
FN:23,jy
FN:23,(anonymous_2152)
FN:23,(anonymous_2153)
FN:23,Sy
FN:23,(anonymous_2155)
FN:23,(anonymous_2156)
FN:23,(anonymous_2157)
FN:23,(anonymous_2158)
FN:23,(anonymous_2159)
FN:23,(anonymous_2160)
FN:23,(anonymous_2161)
FN:23,(anonymous_2162)
FN:23,(anonymous_2163)
FN:23,(anonymous_2164)
FN:23,(anonymous_2165)
FN:23,(anonymous_2166)
FN:23,(anonymous_2167)
FN:23,(anonymous_2168)
FN:23,(anonymous_2169)
FN:23,(anonymous_2170)
FN:23,(anonymous_2171)
FN:23,(anonymous_2172)
FN:23,(anonymous_2173)
FN:23,(anonymous_2174)
FN:23,(anonymous_2175)
FN:23,(anonymous_2176)
FN:23,(anonymous_2177)
FN:23,Ay
FN:23,(anonymous_2179)
FN:23,By
FN:23,(anonymous_2181)
FN:23,(anonymous_2182)
FN:23,Iy
FN:23,(anonymous_2184)
FN:23,(anonymous_2185)
FN:23,(anonymous_2186)
FN:23,(anonymous_2187)
FN:23,(anonymous_2188)
FN:23,(anonymous_2189)
FN:23,(anonymous_2190)
FN:23,(anonymous_2191)
FN:23,(anonymous_2192)
FN:23,(anonymous_2193)
FN:23,(anonymous_2194)
FN:23,(anonymous_2195)
FN:23,(anonymous_2196)
FN:23,(anonymous_2197)
FN:23,(anonymous_2198)
FN:23,(anonymous_2199)
FN:23,Uy
FN:23,(anonymous_2201)
FN:23,Gy
FN:23,(anonymous_2203)
FN:23,(anonymous_2204)
FN:23,Wy
FN:23,(anonymous_2206)
FN:23,(anonymous_2207)
FN:23,(anonymous_2208)
FN:23,(anonymous_2209)
FN:23,(anonymous_2210)
FN:23,(anonymous_2211)
FN:23,(anonymous_2212)
FN:23,(anonymous_2213)
FN:23,(anonymous_2214)
FN:23,(anonymous_2215)
FN:23,(anonymous_2216)
FN:23,(anonymous_2217)
FN:23,(anonymous_2218)
FN:23,(anonymous_2219)
FN:23,(anonymous_2220)
FN:23,(anonymous_2221)
FN:23,(anonymous_2222)
FN:23,(anonymous_2223)
FN:23,(anonymous_2224)
FN:23,(anonymous_2225)
FN:23,(anonymous_2226)
FN:23,(anonymous_2227)
FN:23,(anonymous_2228)
FN:23,(anonymous_2229)
FN:23,(anonymous_2230)
FN:23,(anonymous_2231)
FN:23,(anonymous_2232)
FN:23,fO
FN:23,(anonymous_2234)
FN:23,dO
FN:23,(anonymous_2236)
FN:23,(anonymous_2237)
FN:23,hO
FN:23,(anonymous_2239)
FN:23,(anonymous_2240)
FN:23,gO
FN:23,(anonymous_2242)
FN:23,yO
FN:23,(anonymous_2244)
FN:23,(anonymous_2245)
FN:23,OO
FN:23,(anonymous_2247)
FN:23,(anonymous_2248)
FN:23,jO
FN:23,(anonymous_2250)
FN:23,SO
FN:23,(anonymous_2252)
FN:23,(anonymous_2253)
FN:23,TO
FN:23,(anonymous_2255)
FN:23,(anonymous_2256)
FN:23,(anonymous_2257)
FN:23,(anonymous_2258)
FN:23,(anonymous_2259)
FN:23,(anonymous_2260)
FN:23,(anonymous_2261)
FN:23,(anonymous_2262)
FN:23,(anonymous_2263)
FN:23,(anonymous_2264)
FN:23,(anonymous_2265)
FN:23,(anonymous_2266)
FN:23,(anonymous_2267)
FN:23,DO
FN:23,(anonymous_2269)
FN:23,$O
FN:23,(anonymous_2271)
FN:23,(anonymous_2272)
FN:23,EO
FN:23,(anonymous_2274)
FN:23,(anonymous_2275)
FN:23,(anonymous_2276)
FN:23,(anonymous_2277)
FN:23,(anonymous_2278)
FN:23,(anonymous_2279)
FN:23,(anonymous_2280)
FN:23,(anonymous_2281)
FN:23,(anonymous_2282)
FN:23,(anonymous_2283)
FN:23,(anonymous_2284)
FN:23,(anonymous_2285)
FN:23,(anonymous_2286)
FN:23,(anonymous_2287)
FN:23,(anonymous_2288)
FN:23,(anonymous_2289)
FN:23,(anonymous_2290)
FN:23,(anonymous_2291)
FN:23,(anonymous_2292)
FN:23,(anonymous_2293)
FN:23,(anonymous_2294)
FN:23,(anonymous_2295)
FN:23,(anonymous_2296)
FN:23,(anonymous_2297)
FN:23,(anonymous_2298)
FN:23,(anonymous_2299)
FN:23,(anonymous_2300)
FN:23,(anonymous_2301)
FN:23,(anonymous_2302)
FN:23,(anonymous_2303)
FN:23,(anonymous_2304)
FN:23,(anonymous_2305)
FN:23,(anonymous_2306)
FN:23,(anonymous_2307)
FN:23,(anonymous_2308)
FN:23,(anonymous_2309)
FN:23,(anonymous_2310)
FN:23,(anonymous_2311)
FN:23,(anonymous_2312)
FN:23,(anonymous_2313)
FN:23,(anonymous_2314)
FN:23,(anonymous_2315)
FN:23,(anonymous_2316)
FN:23,(anonymous_2317)
FN:23,(anonymous_2318)
FN:23,(anonymous_2319)
FN:23,(anonymous_2320)
FN:23,KO
FN:23,(anonymous_2322)
FN:23,XO
FN:23,(anonymous_2324)
FN:23,(anonymous_2325)
FN:23,JO
FN:23,(anonymous_2327)
FN:23,(anonymous_2328)
FN:23,ew
FN:23,nw
FN:23,rw
FN:23,iw
FN:23,ow
FN:23,aw
FN:23,sw
FN:23,(anonymous_2336)
FN:23,cw
FN:23,(anonymous_2338)
FN:23,(anonymous_2339)
FN:23,lw
FN:23,(anonymous_2341)
FN:23,(anonymous_2342)
FN:23,(anonymous_2343)
FN:23,(anonymous_2344)
FN:23,(anonymous_2345)
FN:23,(anonymous_2346)
FN:23,(anonymous_2347)
FN:23,(anonymous_2348)
FN:23,(anonymous_2349)
FN:23,(anonymous_2350)
FN:23,(anonymous_2351)
FN:23,(anonymous_2352)
FN:23,(anonymous_2353)
FN:23,(anonymous_2354)
FN:23,(anonymous_2355)
FN:23,(anonymous_2356)
FN:23,(anonymous_2357)
FN:23,(anonymous_2358)
FN:23,(anonymous_2359)
FN:23,(anonymous_2360)
FN:23,(anonymous_2361)
FN:23,(anonymous_2362)
FN:23,(anonymous_2363)
FN:23,(anonymous_2364)
FN:23,(anonymous_2365)
FN:23,(anonymous_2366)
FN:23,(anonymous_2367)
FN:23,(anonymous_2368)
FN:23,(anonymous_2369)
FN:23,(anonymous_2370)
FN:23,(anonymous_2371)
FN:23,(anonymous_2372)
FN:23,(anonymous_2373)
FN:23,(anonymous_2374)
FN:23,(anonymous_2375)
FN:23,(anonymous_2376)
FN:23,(anonymous_2377)
FN:23,(anonymous_2378)
FN:23,(anonymous_2379)
FN:23,(anonymous_2380)
FN:23,(anonymous_2381)
FN:23,(anonymous_2382)
FN:23,(anonymous_2383)
FN:23,(anonymous_2384)
FN:23,(anonymous_2385)
FN:23,(anonymous_2386)
FN:23,(anonymous_2387)
FN:23,(anonymous_2388)
FN:23,(anonymous_2389)
FN:23,(anonymous_2390)
FN:23,(anonymous_2391)
FN:23,(anonymous_2392)
FN:23,(anonymous_2393)
FN:23,(anonymous_2394)
FN:23,(anonymous_2395)
FN:23,(anonymous_2396)
FN:23,(anonymous_2397)
FN:23,(anonymous_2398)
FN:23,(anonymous_2399)
FN:23,(anonymous_2400)
FN:23,(anonymous_2401)
FN:23,(anonymous_2402)
FN:23,(anonymous_2403)
FN:23,(anonymous_2404)
FN:23,(anonymous_2405)
FN:23,Sw
FN:23,(anonymous_2407)
FN:23,Tw
FN:23,(anonymous_2409)
FN:23,(anonymous_2410)
FN:23,xw
FN:23,(anonymous_2412)
FN:23,(anonymous_2413)
FN:23,(anonymous_2414)
FN:23,(anonymous_2415)
FN:23,(anonymous_2416)
FN:23,(anonymous_2417)
FN:23,(anonymous_2418)
FN:23,(anonymous_2419)
FN:23,(anonymous_2420)
FN:23,(anonymous_2421)
FN:23,(anonymous_2422)
FN:23,(anonymous_2423)
FN:23,(anonymous_2424)
FN:23,(anonymous_2425)
FN:23,(anonymous_2426)
FN:23,$w
FN:23,(anonymous_2428)
FN:23,Ew
FN:23,(anonymous_2430)
FN:23,(anonymous_2431)
FN:23,Aw
FN:23,Bw
FN:23,Iw
FN:23,Rw
FN:23,Fw
FN:23,Lw
FN:23,Mw
FN:23,(anonymous_2439)
FN:23,(anonymous_2440)
FN:23,(anonymous_2441)
FN:23,(anonymous_2442)
FN:23,(anonymous_2443)
FN:23,(anonymous_2444)
FN:23,(anonymous_2445)
FN:23,(anonymous_2446)
FN:23,(anonymous_2447)
FN:23,(anonymous_2448)
FN:23,(anonymous_2449)
FN:23,(anonymous_2450)
FN:23,(anonymous_2451)
FN:23,(anonymous_2452)
FN:23,(anonymous_2453)
FN:23,(anonymous_2454)
FN:23,(anonymous_2455)
FN:23,(anonymous_2456)
FN:23,(anonymous_2457)
FN:23,(anonymous_2458)
FN:23,(anonymous_2459)
FN:23,(anonymous_2460)
FN:23,(anonymous_2461)
FN:23,(anonymous_2462)
FN:23,(anonymous_2463)
FN:23,(anonymous_2464)
FN:23,(anonymous_2465)
FN:23,(anonymous_2466)
FN:23,(anonymous_2467)
FN:23,(anonymous_2468)
FN:23,(anonymous_2469)
FN:23,(anonymous_2470)
FN:23,(anonymous_2471)
FN:23,(anonymous_2472)
FN:23,(anonymous_2473)
FN:23,(anonymous_2474)
FN:23,(anonymous_2475)
FN:23,(anonymous_2476)
FN:23,(anonymous_2477)
FN:23,(anonymous_2478)
FN:23,(anonymous_2479)
FN:23,(anonymous_2480)
FN:23,(anonymous_2481)
FN:23,(anonymous_2482)
FN:23,(anonymous_2483)
FN:23,(anonymous_2484)
FN:23,(anonymous_2485)
FN:23,(anonymous_2486)
FN:23,(anonymous_2487)
FN:23,(anonymous_2488)
FN:23,(anonymous_2489)
FN:23,(anonymous_2490)
FN:23,Zw
FN:23,(anonymous_2492)
FN:23,Qw
FN:23,(anonymous_2494)
FN:23,(anonymous_2495)
FN:23,tP
FN:23,(anonymous_2497)
FN:23,(anonymous_2498)
FN:23,(anonymous_2499)
FN:23,(anonymous_2500)
FN:23,(anonymous_2501)
FN:23,(anonymous_2502)
FN:23,(anonymous_2503)
FN:23,(anonymous_2504)
FN:23,(anonymous_2505)
FN:23,(anonymous_2506)
FN:23,(anonymous_2507)
FN:23,(anonymous_2508)
FN:23,(anonymous_2509)
FN:23,(anonymous_2510)
FN:23,(anonymous_2511)
FN:23,(anonymous_2512)
FN:23,(anonymous_2513)
FN:23,(anonymous_2514)
FN:23,(anonymous_2515)
FN:23,(anonymous_2516)
FN:23,(anonymous_2517)
FN:23,(anonymous_2518)
FN:23,mP
FN:23,(anonymous_2520)
FN:23,bP
FN:23,(anonymous_2522)
FN:23,(anonymous_2523)
FN:23,gP
FN:23,(anonymous_2525)
FN:23,wP
FN:23,(anonymous_2527)
FN:23,PP
FN:23,(anonymous_2529)
FN:23,(anonymous_2530)
FN:23,jP
FN:23,(anonymous_2532)
FN:23,xP
FN:23,(anonymous_2534)
FN:23,DP
FN:23,(anonymous_2536)
FN:23,AP
FN:23,(anonymous_2538)
FN:23,FP
FN:23,(anonymous_2540)
FN:23,LP
FN:23,(anonymous_2542)
FN:23,(anonymous_2543)
FN:23,MP
FN:23,(anonymous_2545)
FN:23,(anonymous_2546)
FN:23,(anonymous_2547)
FN:23,(anonymous_2548)
FN:23,(anonymous_2549)
FN:23,(anonymous_2550)
FN:23,(anonymous_2551)
FN:23,(anonymous_2552)
FN:23,(anonymous_2553)
FN:23,(anonymous_2554)
FN:23,qP
FN:23,(anonymous_2556)
FN:23,JP
FN:23,(anonymous_2558)
FN:23,ZP
FN:23,(anonymous_2560)
FN:23,(anonymous_2561)
FN:23,QP
FN:23,(anonymous_2563)
FN:23,oj
FN:23,(anonymous_2565)
FN:23,(anonymous_2566)
FN:23,(anonymous_2567)
FN:23,(anonymous_2568)
FN:23,(anonymous_2569)
FN:23,(anonymous_2570)
FN:23,(anonymous_2571)
FN:23,(anonymous_2572)
FN:23,(anonymous_2573)
FN:23,(anonymous_2574)
FN:23,(anonymous_2575)
FN:23,(anonymous_2576)
FN:23,(anonymous_2577)
FN:23,(anonymous_2578)
FN:23,(anonymous_2579)
FN:23,(anonymous_2580)
FN:23,(anonymous_2581)
FN:23,(anonymous_2582)
FN:23,(anonymous_2583)
FN:23,(anonymous_2584)
FN:23,(anonymous_2585)
FN:23,(anonymous_2586)
FN:23,(anonymous_2587)
FN:23,(anonymous_2588)
FN:23,gj
FN:23,(anonymous_2590)
FN:23,(anonymous_2591)
FN:23,(anonymous_2592)
FN:23,(anonymous_2593)
FN:23,(anonymous_2594)
FN:23,(anonymous_2595)
FN:23,(anonymous_2596)
FN:23,(anonymous_2597)
FN:23,(anonymous_2598)
FN:23,(anonymous_2599)
FN:23,(anonymous_2600)
FN:23,(anonymous_2601)
FN:23,(anonymous_2602)
FN:23,(anonymous_2603)
FN:23,jj
FN:23,(anonymous_2605)
FN:23,(anonymous_2606)
FN:23,Sj
FN:23,(anonymous_2608)
FN:23,Tj
FN:23,(anonymous_2610)
FN:23,(anonymous_2611)
FN:23,xj
FN:23,Cj
FN:23,_j
FN:23,kj
FN:23,Dj
FN:23,(anonymous_2617)
FN:23,$j
FN:23,Ej
FN:23,Aj
FN:23,(anonymous_2621)
FN:23,Bj
FN:23,(anonymous_2623)
FN:23,Ij
FN:23,Rj
FN:23,Fj
FN:23,(anonymous_2627)
FN:23,Lj
FN:23,(anonymous_2629)
FN:23,(anonymous_2630)
FN:23,n
FN:23,(anonymous_2632)
FN:23,(anonymous_2633)
FN:23,(anonymous_2634)
FN:23,(anonymous_2635)
FN:23,(anonymous_2636)
FN:23,(anonymous_2637)
FN:23,(anonymous_2638)
FN:23,(anonymous_2639)
FN:23,(anonymous_2640)
FN:23,(anonymous_2641)
FN:23,(anonymous_2642)
FN:23,(anonymous_2643)
FN:23,(anonymous_2644)
FN:23,(anonymous_2645)
FN:23,(anonymous_2646)
FN:23,(anonymous_2647)
FN:23,(anonymous_2648)
FN:23,(anonymous_2649)
FN:23,(anonymous_2650)
FN:23,(anonymous_2651)
FN:23,(anonymous_2652)
FN:23,(anonymous_2653)
FN:23,Wj
FN:23,(anonymous_2655)
FN:23,Yj
FN:23,(anonymous_2657)
FN:23,(anonymous_2658)
FN:23,qj
FN:23,(anonymous_2660)
FN:23,(anonymous_2661)
FN:23,(anonymous_2662)
FN:23,(anonymous_2663)
FN:23,(anonymous_2664)
FN:23,(anonymous_2665)
FN:23,(anonymous_2666)
FN:23,(anonymous_2667)
FN:23,(anonymous_2668)
FN:23,(anonymous_2669)
FN:23,(anonymous_2670)
FN:23,(anonymous_2671)
FN:23,(anonymous_2672)
FN:23,(anonymous_2673)
FN:23,(anonymous_2674)
FN:23,(anonymous_2675)
FN:23,(anonymous_2676)
FN:23,(anonymous_2677)
FN:23,(anonymous_2678)
FN:23,(anonymous_2679)
FN:23,(anonymous_2680)
FN:23,(anonymous_2681)
FN:23,(anonymous_2682)
FN:23,(anonymous_2683)
FN:23,(anonymous_2684)
FN:23,(anonymous_2685)
FN:23,(anonymous_2686)
FN:23,(anonymous_2687)
FN:23,(anonymous_2688)
FN:23,(anonymous_2689)
FN:23,(anonymous_2690)
FN:23,(anonymous_2691)
FN:23,(anonymous_2692)
FN:23,(anonymous_2693)
FN:23,(anonymous_2694)
FN:23,(anonymous_2695)
FN:23,(anonymous_2696)
FN:23,(anonymous_2697)
FN:23,(anonymous_2698)
FN:23,(anonymous_2699)
FN:23,(anonymous_2700)
FN:23,(anonymous_2701)
FN:23,(anonymous_2702)
FN:23,(anonymous_2703)
FN:23,(anonymous_2704)
FN:23,(anonymous_2705)
FN:23,(anonymous_2706)
FN:23,(anonymous_2707)
FN:23,(anonymous_2708)
FN:23,n
FN:23,(anonymous_2710)
FN:23,(anonymous_2711)
FN:23,(anonymous_2712)
FN:23,(anonymous_2713)
FN:23,(anonymous_2714)
FN:23,(anonymous_2715)
FN:23,(anonymous_2716)
FN:23,(anonymous_2717)
FN:23,(anonymous_2718)
FN:23,(anonymous_2719)
FN:23,(anonymous_2720)
FN:23,(anonymous_2721)
FN:23,(anonymous_2722)
FN:23,(anonymous_2723)
FN:23,(anonymous_2724)
FN:23,(anonymous_2725)
FN:23,(anonymous_2726)
FN:23,(anonymous_2727)
FN:23,(anonymous_2728)
FN:23,(anonymous_2729)
FN:23,(anonymous_2730)
FN:23,(anonymous_2731)
FN:23,(anonymous_2732)
FN:23,(anonymous_2733)
FN:23,(anonymous_2734)
FN:23,(anonymous_2735)
FN:23,(anonymous_2736)
FN:23,(anonymous_2737)
FN:23,wS
FN:23,PS
FN:23,jS
FN:23,SS
FN:23,(anonymous_2742)
FN:23,TS
FN:23,(anonymous_2744)
FN:23,(anonymous_2745)
FN:23,xS
FN:23,CS
FN:23,_S
FN:23,kS
FN:23,DS
FN:23,$S
FN:23,ES
FN:23,(anonymous_2753)
FN:23,(anonymous_2754)
FN:23,(anonymous_2755)
FN:23,(anonymous_2756)
FN:23,(anonymous_2757)
FN:23,(anonymous_2758)
FN:23,(anonymous_2759)
FN:23,(anonymous_2760)
FN:23,(anonymous_2761)
FN:23,(anonymous_2762)
FN:23,(anonymous_2763)
FN:23,(anonymous_2764)
FN:23,(anonymous_2765)
FN:23,(anonymous_2766)
FN:23,(anonymous_2767)
FN:23,(anonymous_2768)
FN:23,t
FN:23,(anonymous_2770)
FN:23,(anonymous_2771)
FN:23,(anonymous_2772)
FN:23,(anonymous_2773)
FN:23,(anonymous_2774)
FN:23,(anonymous_2775)
FN:23,(anonymous_2776)
FN:23,(anonymous_2777)
FN:23,HS
FN:23,(anonymous_2779)
FN:23,(anonymous_2780)
FN:23,WS
FN:23,(anonymous_2782)
FN:23,YS
FN:23,(anonymous_2784)
FN:23,(anonymous_2785)
FN:23,qS
FN:23,(anonymous_2787)
FN:23,(anonymous_2788)
FN:23,tT
FN:23,(anonymous_2790)
FN:23,eT
FN:23,(anonymous_2792)
FN:23,(anonymous_2793)
FN:23,nT
FN:23,(anonymous_2795)
FN:23,aT
FN:23,sT
FN:23,cT
FN:23,lT
FN:23,uT
FN:23,fT
FN:23,dT
FN:23,(anonymous_2803)
FN:23,hT
FN:23,(anonymous_2805)
FN:23,(anonymous_2806)
FN:23,pT
FN:23,(anonymous_2808)
FN:23,(anonymous_2809)
FN:23,(anonymous_2810)
FN:23,(anonymous_2811)
FN:23,(anonymous_2812)
FN:23,(anonymous_2813)
FN:23,gT
FN:23,(anonymous_2815)
FN:23,(anonymous_2816)
FN:23,(anonymous_2817)
FN:23,wT
FN:23,(anonymous_2819)
FN:23,(anonymous_2820)
FN:23,TT
FN:23,(anonymous_2822)
FN:23,xT
FN:23,(anonymous_2824)
FN:23,(anonymous_2825)
FN:23,CT
FN:23,(anonymous_2827)
FN:23,(anonymous_2828)
FN:23,(anonymous_2829)
FN:23,(anonymous_2830)
FN:23,(anonymous_2831)
FN:23,(anonymous_2832)
FN:23,FT
FN:23,(anonymous_2834)
FN:23,VT
FN:23,(anonymous_2836)
FN:23,NT
FN:23,(anonymous_2838)
FN:23,(anonymous_2839)
FN:23,HT
FN:23,(anonymous_2841)
FN:23,(anonymous_2842)
FN:23,(anonymous_2843)
FN:23,(anonymous_2844)
FN:23,(anonymous_2845)
FN:23,(anonymous_2846)
FN:23,(anonymous_2847)
FN:23,(anonymous_2848)
FN:23,(anonymous_2849)
FN:23,qT
FN:23,(anonymous_2851)
FN:23,KT
FN:23,(anonymous_2853)
FN:23,(anonymous_2854)
FN:23,XT
FN:23,(anonymous_2856)
FN:23,(anonymous_2857)
FN:23,(anonymous_2858)
FN:23,(anonymous_2859)
FN:23,(anonymous_2860)
FN:23,(anonymous_2861)
FN:23,(anonymous_2862)
FN:23,(anonymous_2863)
FN:23,(anonymous_2864)
FN:23,(anonymous_2865)
FN:23,(anonymous_2866)
FN:23,(anonymous_2867)
FN:23,(anonymous_2868)
FN:23,(anonymous_2869)
FN:23,(anonymous_2870)
FN:23,(anonymous_2871)
FN:23,(anonymous_2872)
FN:23,(anonymous_2873)
FN:23,(anonymous_2874)
FN:23,(anonymous_2875)
FN:23,(anonymous_2876)
FN:23,(anonymous_2877)
FN:23,(anonymous_2878)
FN:23,(anonymous_2879)
FN:23,(anonymous_2880)
FN:23,(anonymous_2881)
FN:23,(anonymous_2882)
FN:23,(anonymous_2883)
FN:23,(anonymous_2884)
FN:23,(anonymous_2885)
FN:23,(anonymous_2886)
FN:23,(anonymous_2887)
FN:23,(anonymous_2888)
FN:23,(anonymous_2889)
FN:23,(anonymous_2890)
FN:23,(anonymous_2891)
FN:23,(anonymous_2892)
FN:23,(anonymous_2893)
FN:23,(anonymous_2894)
FN:23,(anonymous_2895)
FN:23,(anonymous_2896)
FN:23,(anonymous_2897)
FN:23,(anonymous_2898)
FN:23,(anonymous_2899)
FN:23,ux
FN:23,(anonymous_2901)
FN:23,fx
FN:23,(anonymous_2903)
FN:23,(anonymous_2904)
FN:23,dx
FN:23,(anonymous_2906)
FN:23,(anonymous_2907)
FN:23,(anonymous_2908)
FN:23,(anonymous_2909)
FN:23,(anonymous_2910)
FN:23,(anonymous_2911)
FN:23,(anonymous_2912)
FN:23,(anonymous_2913)
FN:23,(anonymous_2914)
FN:23,(anonymous_2915)
FN:23,(anonymous_2916)
FN:23,Ox
FN:23,(anonymous_2918)
FN:23,wx
FN:23,(anonymous_2920)
FN:23,(anonymous_2921)
FN:23,Px
FN:23,(anonymous_2923)
FN:23,(anonymous_2924)
FN:23,(anonymous_2925)
FN:23,(anonymous_2926)
FN:23,(anonymous_2927)
FN:23,(anonymous_2928)
FN:23,(anonymous_2929)
FN:23,(anonymous_2930)
FN:23,(anonymous_2931)
FN:23,(anonymous_2932)
FN:23,(anonymous_2933)
FN:23,(anonymous_2934)
FN:23,(anonymous_2935)
FN:23,(anonymous_2936)
FN:23,(anonymous_2937)
FN:23,(anonymous_2938)
FN:23,(anonymous_2939)
FN:23,(anonymous_2940)
FN:23,(anonymous_2941)
FN:23,(anonymous_2942)
FN:23,(anonymous_2943)
FN:23,(anonymous_2944)
FN:23,(anonymous_2945)
FN:23,(anonymous_2946)
FN:23,(anonymous_2947)
FN:23,(anonymous_2948)
FN:23,(anonymous_2949)
FN:23,(anonymous_2950)
FN:23,(anonymous_2951)
FN:23,(anonymous_2952)
FN:23,(anonymous_2953)
FN:23,(anonymous_2954)
FN:23,(anonymous_2955)
FN:23,(anonymous_2956)
FN:23,(anonymous_2957)
FN:23,(anonymous_2958)
FN:23,(anonymous_2959)
FN:23,(anonymous_2960)
FN:23,(anonymous_2961)
FN:23,(anonymous_2962)
FN:23,(anonymous_2963)
FN:23,(anonymous_2964)
FN:23,(anonymous_2965)
FN:23,(anonymous_2966)
FN:23,(anonymous_2967)
FN:23,(anonymous_2968)
FN:23,(anonymous_2969)
FN:23,(anonymous_2970)
FN:23,(anonymous_2971)
FN:23,(anonymous_2972)
FN:23,(anonymous_2973)
FN:23,(anonymous_2974)
FN:23,Ex
FN:23,(anonymous_2976)
FN:23,Ax
FN:23,(anonymous_2978)
FN:23,(anonymous_2979)
FN:23,Bx
FN:23,(anonymous_2981)
FN:23,(anonymous_2982)
FN:23,(anonymous_2983)
FN:23,(anonymous_2984)
FN:23,(anonymous_2985)
FN:23,(anonymous_2986)
FN:23,(anonymous_2987)
FN:23,(anonymous_2988)
FN:23,(anonymous_2989)
FN:23,(anonymous_2990)
FN:23,Fx
FN:23,(anonymous_2992)
FN:23,Lx
FN:23,(anonymous_2994)
FN:23,(anonymous_2995)
FN:23,Mx
FN:23,(anonymous_2997)
FN:23,(anonymous_2998)
FN:23,(anonymous_2999)
FN:23,(anonymous_3000)
FN:23,(anonymous_3001)
FN:23,(anonymous_3002)
FN:23,(anonymous_3003)
FN:23,(anonymous_3004)
FN:23,(anonymous_3005)
FN:23,(anonymous_3006)
FN:23,(anonymous_3007)
FN:23,(anonymous_3008)
FN:23,(anonymous_3009)
FN:23,(anonymous_3010)
FN:23,(anonymous_3011)
FN:23,(anonymous_3012)
FN:23,(anonymous_3013)
FN:23,(anonymous_3014)
FN:23,(anonymous_3015)
FN:23,(anonymous_3016)
FN:23,(anonymous_3017)
FN:23,(anonymous_3018)
FN:23,(anonymous_3019)
FN:23,(anonymous_3020)
FN:23,(anonymous_3021)
FN:23,(anonymous_3022)
FN:23,(anonymous_3023)
FN:23,(anonymous_3024)
FN:23,(anonymous_3025)
FN:23,(anonymous_3026)
FN:23,(anonymous_3027)
FN:23,(anonymous_3028)
FN:23,(anonymous_3029)
FN:23,(anonymous_3030)
FN:23,(anonymous_3031)
FN:23,(anonymous_3032)
FN:23,(anonymous_3033)
FN:23,(anonymous_3034)
FN:23,(anonymous_3035)
FN:23,(anonymous_3036)
FN:23,(anonymous_3037)
FN:23,(anonymous_3038)
FN:23,(anonymous_3039)
FN:23,(anonymous_3040)
FN:23,(anonymous_3041)
FN:23,(anonymous_3042)
FN:23,(anonymous_3043)
FN:23,(anonymous_3044)
FN:23,(anonymous_3045)
FN:23,(anonymous_3046)
FN:23,(anonymous_3047)
FN:23,(anonymous_3048)
FN:23,(anonymous_3049)
FN:23,(anonymous_3050)
FN:23,(anonymous_3051)
FN:23,(anonymous_3052)
FN:23,(anonymous_3053)
FN:23,(anonymous_3054)
FN:23,(anonymous_3055)
FN:23,(anonymous_3056)
FN:23,(anonymous_3057)
FN:23,(anonymous_3058)
FN:23,(anonymous_3059)
FN:23,(anonymous_3060)
FN:23,(anonymous_3061)
FN:23,(anonymous_3062)
FN:23,(anonymous_3063)
FN:23,(anonymous_3064)
FN:23,(anonymous_3065)
FN:23,(anonymous_3066)
FN:23,(anonymous_3067)
FN:23,(anonymous_3068)
FN:23,(anonymous_3069)
FN:23,(anonymous_3070)
FN:23,(anonymous_3071)
FN:23,(anonymous_3072)
FN:23,(anonymous_3073)
FN:23,(anonymous_3074)
FN:23,(anonymous_3075)
FN:23,(anonymous_3076)
FN:23,Jx
FN:23,(anonymous_3078)
FN:23,Zx
FN:23,(anonymous_3080)
FN:23,(anonymous_3081)
FN:23,Qx
FN:23,(anonymous_3083)
FN:23,(anonymous_3084)
FN:23,(anonymous_3085)
FN:23,(anonymous_3086)
FN:23,(anonymous_3087)
FN:23,(anonymous_3088)
FN:23,(anonymous_3089)
FN:23,(anonymous_3090)
FN:23,(anonymous_3091)
FN:23,(anonymous_3092)
FN:23,(anonymous_3093)
FN:23,(anonymous_3094)
FN:23,(anonymous_3095)
FN:23,(anonymous_3096)
FN:23,(anonymous_3097)
FN:23,(anonymous_3098)
FN:23,(anonymous_3099)
FN:23,(anonymous_3100)
FN:23,(anonymous_3101)
FN:23,(anonymous_3102)
FN:23,(anonymous_3103)
FN:23,(anonymous_3104)
FN:23,(anonymous_3105)
FN:23,(anonymous_3106)
FN:23,(anonymous_3107)
FN:23,(anonymous_3108)
FN:23,(anonymous_3109)
FN:23,(anonymous_3110)
FN:23,(anonymous_3111)
FN:23,(anonymous_3112)
FN:23,(anonymous_3113)
FN:23,(anonymous_3114)
FN:23,(anonymous_3115)
FN:23,cC
FN:23,(anonymous_3117)
FN:23,lC
FN:23,(anonymous_3119)
FN:23,(anonymous_3120)
FN:23,uC
FN:23,(anonymous_3122)
FN:23,(anonymous_3123)
FN:23,hC
FN:23,(anonymous_3125)
FN:23,pC
FN:23,(anonymous_3127)
FN:23,(anonymous_3128)
FN:23,vC
FN:23,(anonymous_3130)
FN:23,(anonymous_3131)
FN:23,(anonymous_3132)
FN:23,(anonymous_3133)
FN:23,(anonymous_3134)
FN:23,(anonymous_3135)
FN:23,(anonymous_3136)
FN:23,(anonymous_3137)
FN:23,(anonymous_3138)
FN:23,(anonymous_3139)
FN:23,(anonymous_3140)
FN:23,(anonymous_3141)
FN:23,(anonymous_3142)
FN:23,(anonymous_3143)
FN:23,(anonymous_3144)
FN:23,(anonymous_3145)
FN:23,(anonymous_3146)
FN:23,(anonymous_3147)
FN:23,(anonymous_3148)
FN:23,(anonymous_3149)
FN:23,(anonymous_3150)
FN:23,(anonymous_3151)
FN:23,(anonymous_3152)
FN:23,(anonymous_3153)
FN:23,(anonymous_3154)
FN:23,FC
FN:23,(anonymous_3156)
FN:23,LC
FN:23,(anonymous_3158)
FN:23,(anonymous_3159)
FN:23,MC
FN:23,(anonymous_3161)
FN:23,(anonymous_3162)
FN:23,(anonymous_3163)
FN:23,GC
FN:23,(anonymous_3165)
FN:23,WC
FN:23,(anonymous_3167)
FN:23,(anonymous_3168)
FN:23,YC
FN:23,(anonymous_3170)
FN:23,(anonymous_3171)
FN:23,(anonymous_3172)
FN:23,(anonymous_3173)
FN:23,(anonymous_3174)
FN:23,(anonymous_3175)
FN:23,(anonymous_3176)
FN:23,(anonymous_3177)
FN:23,(anonymous_3178)
FN:23,(anonymous_3179)
FN:23,(anonymous_3180)
FN:23,(anonymous_3181)
FN:23,(anonymous_3182)
FN:23,(anonymous_3183)
FN:23,(anonymous_3184)
FN:23,(anonymous_3185)
FN:23,(anonymous_3186)
FN:23,(anonymous_3187)
FN:23,(anonymous_3188)
FN:23,(anonymous_3189)
FN:23,(anonymous_3190)
FN:23,(anonymous_3191)
FN:23,(anonymous_3192)
FN:23,(anonymous_3193)
FN:23,(anonymous_3194)
FN:23,(anonymous_3195)
FN:23,(anonymous_3196)
FN:23,(anonymous_3197)
FN:23,(anonymous_3198)
FN:23,(anonymous_3199)
FN:23,(anonymous_3200)
FN:23,(anonymous_3201)
FN:23,(anonymous_3202)
FN:23,(anonymous_3203)
FN:23,(anonymous_3204)
FN:23,(anonymous_3205)
FN:23,p_
FN:23,(anonymous_3207)
FN:23,b_
FN:23,(anonymous_3209)
FN:23,g_
FN:23,(anonymous_3211)
FN:23,(anonymous_3212)
FN:23,y_
FN:23,(anonymous_3214)
FN:23,P_
FN:23,(anonymous_3216)
FN:23,(anonymous_3217)
FN:23,x_
FN:23,(anonymous_3219)
FN:23,(anonymous_3220)
FN:23,(anonymous_3221)
FN:23,k_
FN:23,(anonymous_3223)
FN:23,D_
FN:23,(anonymous_3225)
FN:23,(anonymous_3226)
FN:23,$_
FN:23,(anonymous_3228)
FN:23,(anonymous_3229)
FN:23,(anonymous_3230)
FN:23,(anonymous_3231)
FN:23,(anonymous_3232)
FN:23,(anonymous_3233)
FN:23,(anonymous_3234)
FN:23,(anonymous_3235)
FN:23,B_
FN:23,(anonymous_3237)
FN:23,I_
FN:23,(anonymous_3239)
FN:23,(anonymous_3240)
FN:23,R_
FN:23,(anonymous_3242)
FN:23,M_
FN:23,(anonymous_3244)
FN:23,V_
FN:23,(anonymous_3246)
FN:23,(anonymous_3247)
FN:23,N_
FN:23,(anonymous_3249)
FN:23,(anonymous_3250)
FN:23,(anonymous_3251)
FN:23,K_
FN:23,(anonymous_3253)
FN:23,X_
FN:23,(anonymous_3255)
FN:23,(anonymous_3256)
FN:23,J_
FN:23,(anonymous_3258)
FN:23,(anonymous_3259)
FN:23,(anonymous_3260)
FN:23,(anonymous_3261)
FN:23,(anonymous_3262)
FN:23,(anonymous_3263)
FN:23,(anonymous_3264)
FN:23,(anonymous_3265)
FN:23,(anonymous_3266)
FN:23,(anonymous_3267)
FN:23,(anonymous_3268)
FN:23,(anonymous_3269)
FN:23,(anonymous_3270)
FN:23,(anonymous_3271)
FN:23,(anonymous_3272)
FN:23,(anonymous_3273)
FN:23,(anonymous_3274)
FN:23,(anonymous_3275)
FN:23,ik
FN:23,(anonymous_3277)
FN:23,ok
FN:23,(anonymous_3279)
FN:23,(anonymous_3280)
FN:23,ak
FN:23,(anonymous_3282)
FN:23,(anonymous_3283)
FN:23,(anonymous_3284)
FN:23,(anonymous_3285)
FN:23,(anonymous_3286)
FN:23,(anonymous_3287)
FN:23,(anonymous_3288)
FN:23,(anonymous_3289)
FN:23,(anonymous_3290)
FN:23,(anonymous_3291)
FN:23,(anonymous_3292)
FN:23,(anonymous_3293)
FN:23,(anonymous_3294)
FN:23,(anonymous_3295)
FN:23,(anonymous_3296)
FN:23,(anonymous_3297)
FN:23,(anonymous_3298)
FN:23,(anonymous_3299)
FN:23,(anonymous_3300)
FN:23,(anonymous_3301)
FN:23,(anonymous_3302)
FN:23,(anonymous_3303)
FN:23,(anonymous_3304)
FN:23,fk
FN:23,(anonymous_3306)
FN:23,(anonymous_3307)
FN:23,(anonymous_3308)
FN:23,(anonymous_3309)
FN:23,(anonymous_3310)
FN:23,(anonymous_3311)
FN:23,(anonymous_3312)
FN:23,(anonymous_3313)
FN:23,(anonymous_3314)
FN:23,t
FN:23,(anonymous_3316)
FN:23,(anonymous_3317)
FN:23,jk
FN:23,(anonymous_3319)
FN:23,Sk
FN:23,(anonymous_3321)
FN:23,(anonymous_3322)
FN:23,Tk
FN:23,(anonymous_3324)
FN:23,(anonymous_3325)
FN:23,(anonymous_3326)
FN:23,(anonymous_3327)
FN:23,(anonymous_3328)
FN:23,Ak
FN:23,Bk
FN:23,Ik
FN:23,Rk
FN:23,Fk
FN:23,Lk
FN:23,(anonymous_3335)
FN:23,(anonymous_3336)
FN:23,(anonymous_3337)
FN:23,(anonymous_3338)
FN:23,(anonymous_3339)
FN:23,(anonymous_3340)
FN:23,(anonymous_3341)
FN:23,(anonymous_3342)
FN:23,(anonymous_3343)
FN:23,(anonymous_3344)
FN:23,(anonymous_3345)
FN:23,(anonymous_3346)
FN:23,(anonymous_3347)
FN:23,(anonymous_3348)
FN:23,(anonymous_3349)
FN:23,(anonymous_3350)
FN:23,(anonymous_3351)
FN:23,(anonymous_3352)
FN:23,(anonymous_3353)
FN:23,(anonymous_3354)
FN:23,(anonymous_3355)
FN:23,(anonymous_3356)
FN:23,(anonymous_3357)
FN:23,(anonymous_3358)
FN:23,(anonymous_3359)
FN:23,(anonymous_3360)
FN:23,(anonymous_3361)
FN:23,(anonymous_3362)
FN:23,Uk
FN:23,(anonymous_3364)
FN:23,Gk
FN:23,(anonymous_3366)
FN:23,(anonymous_3367)
FN:23,Wk
FN:23,(anonymous_3369)
FN:23,(anonymous_3370)
FN:23,(anonymous_3371)
FN:23,(anonymous_3372)
FN:23,(anonymous_3373)
FN:23,(anonymous_3374)
FN:23,(anonymous_3375)
FN:23,(anonymous_3376)
FN:23,(anonymous_3377)
FN:23,(anonymous_3378)
FN:23,(anonymous_3379)
FN:23,(anonymous_3380)
FN:23,(anonymous_3381)
FN:23,(anonymous_3382)
FN:23,(anonymous_3383)
FN:23,(anonymous_3384)
FN:23,(anonymous_3385)
FN:23,(anonymous_3386)
FN:23,(anonymous_3387)
FN:23,(anonymous_3388)
FN:23,(anonymous_3389)
FN:23,(anonymous_3390)
FN:23,(anonymous_3391)
FN:23,(anonymous_3392)
FN:23,aD
FN:23,(anonymous_3394)
FN:23,(anonymous_3395)
FN:23,(anonymous_3396)
FN:23,(anonymous_3397)
FN:23,(anonymous_3398)
FN:23,(anonymous_3399)
FN:23,(anonymous_3400)
FN:23,(anonymous_3401)
FN:23,(anonymous_3402)
FN:23,(anonymous_3403)
FN:23,(anonymous_3404)
FN:23,(anonymous_3405)
FN:23,(anonymous_3406)
FN:23,(anonymous_3407)
FN:23,(anonymous_3408)
FN:23,(anonymous_3409)
FN:23,(anonymous_3410)
FN:23,(anonymous_3411)
FN:23,(anonymous_3412)
FN:23,(anonymous_3413)
FN:23,(anonymous_3414)
FN:23,(anonymous_3415)
FN:23,(anonymous_3416)
FN:23,(anonymous_3417)
FN:23,(anonymous_3418)
FN:23,(anonymous_3419)
FN:23,(anonymous_3420)
FN:23,(anonymous_3421)
FN:23,(anonymous_3422)
FN:23,(anonymous_3423)
FN:23,(anonymous_3424)
FN:23,mD
FN:23,(anonymous_3426)
FN:23,bD
FN:23,(anonymous_3428)
FN:23,(anonymous_3429)
FN:23,gD
FN:23,(anonymous_3431)
FN:23,(anonymous_3432)
FN:23,(anonymous_3433)
FN:23,(anonymous_3434)
FN:23,(anonymous_3435)
FN:23,(anonymous_3436)
FN:23,(anonymous_3437)
FN:23,(anonymous_3438)
FN:23,(anonymous_3439)
FN:23,(anonymous_3440)
FN:23,(anonymous_3441)
FN:23,(anonymous_3442)
FN:23,(anonymous_3443)
FN:23,(anonymous_3444)
FN:23,(anonymous_3445)
FN:23,(anonymous_3446)
FN:23,(anonymous_3447)
FN:23,(anonymous_3448)
FN:23,kD
FN:23,(anonymous_3450)
FN:23,DD
FN:23,(anonymous_3452)
FN:23,(anonymous_3453)
FN:23,$D
FN:23,(anonymous_3455)
FN:23,(anonymous_3456)
FN:23,(anonymous_3457)
FN:23,(anonymous_3458)
FN:23,(anonymous_3459)
FN:23,(anonymous_3460)
FN:23,(anonymous_3461)
FN:23,(anonymous_3462)
FN:23,(anonymous_3463)
FN:23,(anonymous_3464)
FN:23,(anonymous_3465)
FN:23,(anonymous_3466)
FN:23,(anonymous_3467)
FN:23,(anonymous_3468)
FN:23,(anonymous_3469)
FN:23,(anonymous_3470)
FN:23,MD
FN:23,(anonymous_3472)
FN:23,VD
FN:23,(anonymous_3474)
FN:23,(anonymous_3475)
FN:23,ND
FN:23,HD
FN:23,zD
FN:23,UD
FN:23,GD
FN:23,WD
FN:23,YD
FN:23,(anonymous_3483)
FN:23,(anonymous_3484)
FN:23,(anonymous_3485)
FN:23,(anonymous_3486)
FN:23,(anonymous_3487)
FN:23,(anonymous_3488)
FN:23,(anonymous_3489)
FN:23,(anonymous_3490)
FN:23,(anonymous_3491)
FN:23,(anonymous_3492)
FN:23,(anonymous_3493)
FN:23,(anonymous_3494)
FN:23,(anonymous_3495)
FN:23,(anonymous_3496)
FN:23,XD
FN:23,(anonymous_3498)
FN:23,JD
FN:23,(anonymous_3500)
FN:23,(anonymous_3501)
FN:23,ZD
FN:23,(anonymous_3503)
FN:23,(anonymous_3504)
FN:23,(anonymous_3505)
FN:23,(anonymous_3506)
FN:23,(anonymous_3507)
FN:23,(anonymous_3508)
FN:23,(anonymous_3509)
FN:23,(anonymous_3510)
FN:23,(anonymous_3511)
FN:23,(anonymous_3512)
FN:23,(anonymous_3513)
FN:23,(anonymous_3514)
FN:23,(anonymous_3515)
FN:23,(anonymous_3516)
FN:23,(anonymous_3517)
FN:23,(anonymous_3518)
FN:23,n$
FN:23,(anonymous_3520)
FN:23,r$
FN:23,(anonymous_3522)
FN:23,(anonymous_3523)
FN:23,i$
FN:23,(anonymous_3525)
FN:23,(anonymous_3526)
FN:23,(anonymous_3527)
FN:23,(anonymous_3528)
FN:23,(anonymous_3529)
FN:23,(anonymous_3530)
FN:23,(anonymous_3531)
FN:23,(anonymous_3532)
FN:23,(anonymous_3533)
FN:23,(anonymous_3534)
FN:23,(anonymous_3535)
FN:23,(anonymous_3536)
FN:23,(anonymous_3537)
FN:23,(anonymous_3538)
FN:23,l$
FN:23,(anonymous_3540)
FN:23,u$
FN:23,(anonymous_3542)
FN:23,(anonymous_3543)
FN:23,f$
FN:23,(anonymous_3545)
FN:23,(anonymous_3546)
FN:23,(anonymous_3547)
FN:23,(anonymous_3548)
FN:23,(anonymous_3549)
FN:23,(anonymous_3550)
FN:23,(anonymous_3551)
FN:23,(anonymous_3552)
FN:23,(anonymous_3553)
FN:23,(anonymous_3554)
FN:23,(anonymous_3555)
FN:23,(anonymous_3556)
FN:23,p$
FN:23,v$
FN:23,m$
FN:23,b$
FN:23,g$
FN:23,y$
FN:23,O$
FN:23,(anonymous_3564)
FN:23,w$
FN:23,(anonymous_3566)
FN:23,(anonymous_3567)
FN:23,P$
FN:23,(anonymous_3569)
FN:23,(anonymous_3570)
FN:23,(anonymous_3571)
FN:23,(anonymous_3572)
FN:23,(anonymous_3573)
FN:23,(anonymous_3574)
FN:23,(anonymous_3575)
FN:23,(anonymous_3576)
FN:23,(anonymous_3577)
FN:23,k$
FN:23,(anonymous_3579)
FN:23,D$
FN:23,(anonymous_3581)
FN:23,(anonymous_3582)
FN:23,$$
FN:23,B$
FN:23,(anonymous_3585)
FN:23,I$
FN:23,(anonymous_3587)
FN:23,(anonymous_3588)
FN:23,R$
FN:23,z$
FN:23,(anonymous_3591)
FN:23,U$
FN:23,(anonymous_3593)
FN:23,(anonymous_3594)
FN:23,G$
FN:23,(anonymous_3596)
FN:23,(anonymous_3597)
FN:23,(anonymous_3598)
FN:23,(anonymous_3599)
FN:23,(anonymous_3600)
FN:23,(anonymous_3601)
FN:23,(anonymous_3602)
FN:23,(anonymous_3603)
FN:23,(anonymous_3604)
FN:23,(anonymous_3605)
FN:23,(anonymous_3606)
FN:23,(anonymous_3607)
FN:23,(anonymous_3608)
FN:23,(anonymous_3609)
FN:23,(anonymous_3610)
FN:23,(anonymous_3611)
FN:23,(anonymous_3612)
FN:23,(anonymous_3613)
FN:23,(anonymous_3614)
FN:23,(anonymous_3615)
FN:23,(anonymous_3616)
FN:23,(anonymous_3617)
FN:23,(anonymous_3618)
FN:23,(anonymous_3619)
FN:23,(anonymous_3620)
FN:23,(anonymous_3621)
FN:23,(anonymous_3622)
FN:23,(anonymous_3623)
FN:23,(anonymous_3624)
FN:23,(anonymous_3625)
FN:23,(anonymous_3626)
FN:23,(anonymous_3627)
FN:23,(anonymous_3628)
FN:23,(anonymous_3629)
FN:23,(anonymous_3630)
FN:23,(anonymous_3631)
FN:23,(anonymous_3632)
FN:23,(anonymous_3633)
FN:23,(anonymous_3634)
FN:23,(anonymous_3635)
FN:23,(anonymous_3636)
FN:23,(anonymous_3637)
FN:23,(anonymous_3638)
FN:23,(anonymous_3639)
FN:23,(anonymous_3640)
FN:23,(anonymous_3641)
FN:23,(anonymous_3642)
FN:23,(anonymous_3643)
FN:23,(anonymous_3644)
FN:23,(anonymous_3645)
FN:23,(anonymous_3646)
FN:23,(anonymous_3647)
FN:23,(anonymous_3648)
FN:23,(anonymous_3649)
FN:23,(anonymous_3650)
FN:23,iE
FN:23,(anonymous_3652)
FN:23,oE
FN:23,(anonymous_3654)
FN:23,(anonymous_3655)
FN:23,aE
FN:23,(anonymous_3657)
FN:23,(anonymous_3658)
FN:23,(anonymous_3659)
FN:23,(anonymous_3660)
FN:23,(anonymous_3661)
FN:23,(anonymous_3662)
FN:23,(anonymous_3663)
FN:23,(anonymous_3664)
FN:23,(anonymous_3665)
FN:23,(anonymous_3666)
FN:23,(anonymous_3667)
FN:23,(anonymous_3668)
FN:23,(anonymous_3669)
FN:23,(anonymous_3670)
FN:23,(anonymous_3671)
FN:23,(anonymous_3672)
FN:23,(anonymous_3673)
FN:23,(anonymous_3674)
FN:23,(anonymous_3675)
FN:23,(anonymous_3676)
FN:23,(anonymous_3677)
FN:23,(anonymous_3678)
FN:23,(anonymous_3679)
FN:23,(anonymous_3680)
FN:23,(anonymous_3681)
FN:23,(anonymous_3682)
FN:23,(anonymous_3683)
FN:23,gE
FN:23,(anonymous_3685)
FN:23,yE
FN:23,(anonymous_3687)
FN:23,(anonymous_3688)
FN:23,OE
FN:23,(anonymous_3690)
FN:23,(anonymous_3691)
FN:23,(anonymous_3692)
FN:23,(anonymous_3693)
FN:23,(anonymous_3694)
FN:23,(anonymous_3695)
FN:23,(anonymous_3696)
FN:23,(anonymous_3697)
FN:23,(anonymous_3698)
FN:23,(anonymous_3699)
FN:23,(anonymous_3700)
FN:23,(anonymous_3701)
FN:23,(anonymous_3702)
FN:23,(anonymous_3703)
FN:23,(anonymous_3704)
FN:23,(anonymous_3705)
FN:23,(anonymous_3706)
FN:23,(anonymous_3707)
FN:23,(anonymous_3708)
FN:23,(anonymous_3709)
FN:23,(anonymous_3710)
FN:23,(anonymous_3711)
FN:23,(anonymous_3712)
FN:23,(anonymous_3713)
FN:23,(anonymous_3714)
FN:23,(anonymous_3715)
FN:23,(anonymous_3716)
FN:23,(anonymous_3717)
FN:23,(anonymous_3718)
FN:23,(anonymous_3719)
FN:23,(anonymous_3720)
FN:23,(anonymous_3721)
FN:23,(anonymous_3722)
FN:23,(anonymous_3723)
FN:23,(anonymous_3724)
FN:23,(anonymous_3725)
FN:23,(anonymous_3726)
FN:23,(anonymous_3727)
FN:23,(anonymous_3728)
FN:23,(anonymous_3729)
FN:23,(anonymous_3730)
FN:23,(anonymous_3731)
FN:23,DE
FN:23,$E
FN:23,EE
FN:23,AE
FN:23,(anonymous_3736)
FN:23,BE
FN:23,(anonymous_3738)
FN:23,(anonymous_3739)
FN:23,IE
FN:23,RE
FN:23,FE
FN:23,LE
FN:23,ME
FN:23,VE
FN:23,NE
FN:23,(anonymous_3747)
FN:23,(anonymous_3748)
FN:23,(anonymous_3749)
FN:23,(anonymous_3750)
FN:23,(anonymous_3751)
FN:23,(anonymous_3752)
FN:23,(anonymous_3753)
FN:23,(anonymous_3754)
FN:23,(anonymous_3755)
FN:23,(anonymous_3756)
FN:23,(anonymous_3757)
FN:23,(anonymous_3758)
FN:23,(anonymous_3759)
FN:23,t
FN:23,(anonymous_3761)
FN:23,(anonymous_3762)
FN:23,(anonymous_3763)
FN:23,(anonymous_3764)
FN:23,(anonymous_3765)
FN:23,XE
FN:23,(anonymous_3767)
FN:23,JE
FN:23,(anonymous_3769)
FN:23,(anonymous_3770)
FN:23,ZE
FN:23,(anonymous_3772)
FN:23,(anonymous_3773)
FN:23,(anonymous_3774)
FN:23,(anonymous_3775)
FN:23,(anonymous_3776)
FN:23,(anonymous_3777)
FN:23,(anonymous_3778)
FN:23,(anonymous_3779)
FN:23,(anonymous_3780)
FN:23,(anonymous_3781)
FN:23,(anonymous_3782)
FN:23,(anonymous_3783)
FN:23,PA
FN:23,(anonymous_3785)
FN:23,jA
FN:23,(anonymous_3787)
FN:23,(anonymous_3788)
FN:23,SA
FN:23,TA
FN:23,xA
FN:23,CA
FN:23,(anonymous_3793)
FN:23,(anonymous_3794)
FN:23,(anonymous_3795)
FN:23,t
FN:23,(anonymous_3797)
FN:23,(anonymous_3798)
FN:23,(anonymous_3799)
FN:23,(anonymous_3800)
FN:23,(anonymous_3801)
FN:23,(anonymous_3802)
FN:23,(anonymous_3803)
FN:23,(anonymous_3804)
FN:23,(anonymous_3805)
FN:23,(anonymous_3806)
FN:23,(anonymous_3807)
FN:23,(anonymous_3808)
FN:23,(anonymous_3809)
FN:23,(anonymous_3810)
FN:23,(anonymous_3811)
FN:23,(anonymous_3812)
FN:23,(anonymous_3813)
FN:23,(anonymous_3814)
FN:23,(anonymous_3815)
FN:23,(anonymous_3816)
FN:23,(anonymous_3817)
FN:23,(anonymous_3818)
FN:23,(anonymous_3819)
FN:23,(anonymous_3820)
FN:23,(anonymous_3821)
FN:23,(anonymous_3822)
FN:23,(anonymous_3823)
FN:23,(anonymous_3824)
FN:23,(anonymous_3825)
FN:23,(anonymous_3826)
FN:23,(anonymous_3827)
FN:23,(anonymous_3828)
FN:23,(anonymous_3829)
FN:23,(anonymous_3830)
FN:23,(anonymous_3831)
FN:23,(anonymous_3832)
FN:23,(anonymous_3833)
FN:23,(anonymous_3834)
FN:23,(anonymous_3835)
FN:23,(anonymous_3836)
FN:23,(anonymous_3837)
FN:23,(anonymous_3838)
FN:23,(anonymous_3839)
FN:23,(anonymous_3840)
FN:23,(anonymous_3841)
FN:23,(anonymous_3842)
FN:23,i
FN:23,(anonymous_3844)
FN:23,(anonymous_3845)
FN:23,(anonymous_3846)
FN:23,(anonymous_3847)
FN:23,(anonymous_3848)
FN:23,(anonymous_3849)
FN:23,(anonymous_3850)
FN:23,(anonymous_3851)
FN:23,(anonymous_3852)
FN:23,(anonymous_3853)
FN:23,(anonymous_3854)
FN:23,(anonymous_3855)
FN:23,(anonymous_3856)
FN:23,(anonymous_3857)
FN:23,(anonymous_3858)
FN:23,(anonymous_3859)
FN:23,(anonymous_3860)
FN:23,(anonymous_3861)
FN:23,s
FN:23,(anonymous_3863)
FN:23,o
FN:23,(anonymous_3865)
FN:23,(anonymous_3866)
FN:23,r
FN:23,(anonymous_3868)
FN:23,(anonymous_3869)
FN:23,(anonymous_3870)
FN:23,c
FN:23,l
FN:23,(anonymous_3873)
FN:23,f
FN:23,(anonymous_3875)
FN:23,d
FN:23,(anonymous_3877)
FN:23,(anonymous_3878)
FN:23,(anonymous_3879)
FN:23,p
FN:23,v
FN:23,b
FN:23,g
FN:23,y
FN:23,O
FN:23,(anonymous_3886)
FN:23,w
FN:23,P
FN:23,j
FN:23,(anonymous_3890)
FN:23,(anonymous_3891)
FN:23,(anonymous_3892)
FN:23,(anonymous_3893)
FN:23,T
FN:23,x
FN:23,C
FN:23,_
FN:23,k
FN:23,(anonymous_3899)
FN:23,F
FN:23,L
FN:23,M
FN:23,(anonymous_3903)
FN:23,V
FN:23,(anonymous_3905)
FN:23,N
FN:23,(anonymous_3907)
FN:23,H
FN:23,z
FN:23,U
FN:23,G
FN:23,W
FN:23,Y
FN:23,q
FN:23,K
FN:23,X
FN:23,Z
FN:23,Q
FN:23,(anonymous_3919)
FN:23,(anonymous_3920)
FN:23,(anonymous_3921)
FN:23,(anonymous_3922)
FN:23,ot
FN:23,at
FN:23,st
FN:23,(anonymous_3926)
FN:23,(anonymous_3927)
FN:23,(anonymous_3928)
FN:23,(anonymous_3929)
FN:23,(anonymous_3930)
FN:23,(anonymous_3931)
FN:23,lt
FN:23,(anonymous_3933)
FN:23,ut
FN:23,(anonymous_3935)
FN:23,ft
FN:23,dt
FN:23,ht
FN:23,a
FN:23,s
FN:23,(anonymous_3941)
FN:23,c
FN:23,(anonymous_3943)
FN:23,l
FN:23,(anonymous_3945)
FN:23,(anonymous_3946)
FN:23,u
FN:23,f
FN:23,d
FN:23,pt
FN:23,vt
FN:23,bt
FN:23,yt
FN:23,Ot
FN:23,Pt
FN:23,(anonymous_3956)
FN:23,jt
FN:23,(anonymous_3958)
FN:23,(anonymous_3959)
FN:23,(anonymous_3960)
FN:23,St
FN:23,Tt
FN:23,xt
FN:23,Ct
FN:23,_t
FN:23,kt
FN:23,Dt
FN:23,$t
FN:23,At
FN:23,(anonymous_3970)
FN:23,It
FN:23,Rt
FN:23,Lt
FN:23,Mt
FN:23,Vt
FN:23,Nt
FN:23,Ht
FN:23,Ut
FN:23,(anonymous_3979)
FN:23,Gt
FN:23,Wt
FN:23,Yt
FN:23,(anonymous_3983)
FN:23,(anonymous_3984)
FN:23,qt
FN:23,(anonymous_3986)
FN:23,(anonymous_3987)
FN:23,(anonymous_3988)
FN:23,(anonymous_3989)
FN:23,Kt
FN:23,(anonymous_3991)
FN:23,(anonymous_3992)
FN:23,Xt
FN:23,Zt
FN:23,Qt
FN:23,(anonymous_3996)
FN:23,(anonymous_3997)
FN:23,ee
FN:23,ne
FN:23,re
FN:23,(anonymous_4001)
FN:23,(anonymous_4002)
FN:23,ie
FN:23,oe
FN:23,ae
FN:23,se
FN:23,(anonymous_4007)
FN:23,ce
FN:23,(anonymous_4009)
FN:23,le
FN:23,(anonymous_4011)
FN:23,(anonymous_4012)
FN:23,(anonymous_4013)
FN:23,(anonymous_4014)
FN:23,(anonymous_4015)
FN:23,(anonymous_4016)
FN:23,(anonymous_4017)
FN:23,(anonymous_4018)
FN:23,(anonymous_4019)
FN:23,(anonymous_4020)
FN:23,(anonymous_4021)
FN:23,(anonymous_4022)
FN:23,(anonymous_4023)
FN:23,(anonymous_4024)
FN:23,(anonymous_4025)
FN:23,(anonymous_4026)
FN:23,(anonymous_4027)
FN:23,(anonymous_4028)
FN:23,(anonymous_4029)
FN:23,(anonymous_4030)
FN:23,(anonymous_4031)
FN:23,(anonymous_4032)
FN:23,(anonymous_4033)
FN:23,(anonymous_4034)
FN:23,(anonymous_4035)
FN:23,(anonymous_4036)
FN:23,e
FN:23,(anonymous_4038)
FN:23,(anonymous_4039)
FN:23,(anonymous_4040)
FN:23,(anonymous_4041)
FN:23,(anonymous_4042)
FN:23,(anonymous_4043)
FN:23,(anonymous_4044)
FN:23,(anonymous_4045)
FN:23,(anonymous_4046)
FN:23,(anonymous_4047)
FN:23,(anonymous_4048)
FN:23,fe
FN:23,(anonymous_4050)
FN:23,e
FN:23,(anonymous_4052)
FN:23,(anonymous_4053)
FN:23,(anonymous_4054)
FN:23,(anonymous_4055)
FN:23,(anonymous_4056)
FN:23,(anonymous_4057)
FN:23,(anonymous_4058)
FN:23,(anonymous_4059)
FN:23,(anonymous_4060)
FN:23,(anonymous_4061)
FN:23,(anonymous_4062)
FN:23,he
FN:23,pe
FN:23,ve
FN:23,me
FN:23,be
FN:23,ge
FN:23,(anonymous_4069)
FN:23,e
FN:23,(anonymous_4071)
FN:23,(anonymous_4072)
FN:23,(anonymous_4073)
FN:23,(anonymous_4074)
FN:23,(anonymous_4075)
FN:23,(anonymous_4076)
FN:23,(anonymous_4077)
FN:23,(anonymous_4078)
FN:23,(anonymous_4079)
FN:23,(anonymous_4080)
FN:23,(anonymous_4081)
FN:23,(anonymous_4082)
FN:23,(anonymous_4083)
FN:23,(anonymous_4084)
FN:23,(anonymous_4085)
FN:23,(anonymous_4086)
FN:23,(anonymous_4087)
FN:23,(anonymous_4088)
FN:23,(anonymous_4089)
FN:23,(anonymous_4090)
FN:23,(anonymous_4091)
FN:23,(anonymous_4092)
FN:23,(anonymous_4093)
FN:23,(anonymous_4094)
FN:23,(anonymous_4095)
FN:23,(anonymous_4096)
FN:23,(anonymous_4097)
FN:23,(anonymous_4098)
FN:23,(anonymous_4099)
FN:23,(anonymous_4100)
FN:23,(anonymous_4101)
FN:23,(anonymous_4102)
FN:23,(anonymous_4103)
FN:23,(anonymous_4104)
FN:23,(anonymous_4105)
FN:23,(anonymous_4106)
FN:23,(anonymous_4107)
FN:23,(anonymous_4108)
FN:23,je
FN:23,(anonymous_4110)
FN:23,Se
FN:23,(anonymous_4112)
FN:23,i
FN:23,(anonymous_4114)
FN:23,(anonymous_4115)
FN:23,(anonymous_4116)
FN:23,(anonymous_4117)
FN:23,(anonymous_4118)
FN:23,(anonymous_4119)
FN:23,(anonymous_4120)
[...]
BRDA:32,6392,0,0
BRDA:32,6392,1,0
BRDA:32,6393,0,0
BRDA:32,6393,1,0
BRDA:32,6393,2,0
BRDA:32,6394,0,0
BRDA:32,6394,1,0
BRDA:32,6395,0,0
BRDA:32,6395,1,0
BRDA:32,6396,0,0
BRDA:32,6396,1,0
BRDA:32,6397,0,0
BRDA:32,6397,1,0
BRDA:32,6398,0,0
BRDA:32,6398,1,0
BRDA:32,6399,0,0
BRDA:32,6399,1,0
BRDA:32,6400,0,0
BRDA:32,6400,1,0
BRDA:32,6401,0,0
BRDA:32,6401,1,0
BRDA:32,6402,0,0
BRDA:32,6402,1,0
BRDA:32,6403,0,0
BRDA:32,6403,1,0
BRDA:32,6403,2,0
BRDA:32,6404,0,0
BRDA:32,6404,1,0
BRDA:32,6405,0,0
BRDA:32,6405,1,0
BRDA:32,6406,0,0
BRDA:32,6406,1,0
BRDA:32,6407,0,0
BRDA:32,6407,1,0
BRDA:32,6408,0,0
BRDA:32,6408,1,0
BRDA:32,6409,0,0
BRDA:32,6409,1,0
BRDA:32,6410,0,0
BRDA:32,6410,1,0
BRDA:32,6411,0,0
BRDA:32,6411,1,0
BRDA:32,6412,0,0
BRDA:32,6412,1,0
BRDA:32,6413,0,0
BRDA:32,6413,1,0
BRDA:32,6414,0,0
BRDA:32,6414,1,0
BRDA:32,6415,0,0
BRDA:32,6415,1,0
BRDA:32,6416,0,0
BRDA:32,6416,1,0
BRDA:32,6417,0,0
BRDA:32,6417,1,0
BRDA:32,6417,2,0
BRDA:32,6418,0,0
BRDA:32,6418,1,0
BRDA:32,6419,0,0
BRDA:32,6419,1,0
BRDA:32,6420,0,0
BRDA:32,6420,1,0
BRDA:32,6421,0,0
BRDA:32,6421,1,0
BRDA:32,6422,0,0
BRDA:32,6422,1,0
BRDA:32,6423,0,0
BRDA:32,6423,1,0
BRDA:32,6424,0,0
BRDA:32,6424,1,0
BRDA:32,6425,0,0
BRDA:32,6425,1,0
BRDA:32,6426,0,0
BRDA:32,6426,1,0
BRDA:32,6427,0,0
BRDA:32,6427,1,0
BRDA:32,6428,0,0
BRDA:32,6428,1,0
BRDA:32,6429,0,0
BRDA:32,6429,1,0
BRDA:32,6430,0,0
BRDA:32,6430,1,0
BRDA:32,6431,0,0
BRDA:32,6431,1,0
BRDA:32,6432,0,0
BRDA:32,6432,1,0
BRDA:32,6433,0,0
BRDA:32,6433,1,0
BRDA:32,6434,0,0
BRDA:32,6434,1,0
BRDA:32,6435,0,0
BRDA:32,6435,1,0
BRDA:32,6436,0,0
BRDA:32,6436,1,0
BRDA:32,6436,2,0
BRDA:32,6437,0,0
BRDA:32,6437,1,0
BRDA:32,6438,0,0
BRDA:32,6438,1,0
BRDA:32,6439,0,0
BRDA:32,6439,1,0
BRDA:32,6440,0,0
BRDA:32,6440,1,0
BRDA:32,6441,0,0
BRDA:32,6441,1,0
BRDA:32,6442,0,0
BRDA:32,6442,1,0
BRDA:32,6443,0,0
BRDA:32,6443,1,0
BRDA:32,6444,0,0
BRDA:32,6444,1,0
BRDA:32,6445,0,0
BRDA:32,6445,1,0
BRDA:32,6446,0,0
BRDA:32,6446,1,0
BRDA:32,6447,0,0
BRDA:32,6447,1,0
BRDA:32,6448,0,0
BRDA:32,6448,1,0
BRDA:32,6448,2,0
BRDA:32,6449,0,0
BRDA:32,6449,1,0
BRDA:32,6450,0,0
BRDA:32,6450,1,0
BRDA:32,6451,0,0
BRDA:32,6451,1,0
BRDA:32,6452,0,0
BRDA:32,6452,1,0
BRDA:32,6453,0,0
BRDA:32,6453,1,0
BRDA:32,6454,0,0
BRDA:32,6454,1,0
BRDA:32,6455,0,0
BRDA:32,6455,1,0
BRDA:32,6456,0,0
BRDA:32,6456,1,0
BRDA:32,6457,0,0
BRDA:32,6457,1,0
BRDA:32,6458,0,0
BRDA:32,6458,1,0
BRDA:32,6458,2,0
BRDA:32,6458,3,0
BRDA:32,6458,4,0
BRDA:32,6458,5,0
BRDA:32,6459,0,0
BRDA:32,6459,1,0
BRDA:32,6460,0,0
BRDA:32,6460,1,0
BRDA:32,6461,0,0
BRDA:32,6461,1,0
BRDA:32,6461,2,0
BRDA:32,6462,0,0
BRDA:32,6462,1,0
BRDA:32,6463,0,0
BRDA:32,6463,1,0
BRDA:32,6464,0,0
BRDA:32,6464,1,0
BRDA:32,6465,0,0
BRDA:32,6465,1,0
BRDA:32,6466,0,0
BRDA:32,6466,1,0
BRDA:32,6466,2,0
BRDA:32,6466,3,0
BRDA:32,6466,4,0
BRDA:32,6466,5,0
BRDA:32,6467,0,0
BRDA:32,6467,1,0
BRDA:32,6468,0,0
BRDA:32,6468,1,0
BRDA:32,6468,2,0
BRDA:32,6468,3,0
BRDA:32,6468,4,0
BRDA:32,6468,5,0
BRDA:32,6469,0,0
BRDA:32,6469,1,0
BRDA:32,6470,0,0
BRDA:32,6470,1,0
BRDA:32,6471,0,0
BRDA:32,6471,1,0
BRDA:32,6472,0,0
BRDA:32,6472,1,0
BRDA:32,6473,0,0
BRDA:32,6473,1,0
BRDA:32,6474,0,0
BRDA:32,6474,1,0
BRDA:32,6475,0,0
BRDA:32,6475,1,0
BRDA:32,6476,0,0
BRDA:32,6476,1,0
BRDA:32,6477,0,0
BRDA:32,6477,1,0
BRDA:32,6478,0,0
BRDA:32,6478,1,0
BRDA:32,6479,0,0
BRDA:32,6479,1,0
BRDA:32,6480,0,0
BRDA:32,6480,1,0
BRDA:32,6481,0,0
BRDA:32,6481,1,0
BRDA:32,6482,0,0
BRDA:32,6482,1,0
BRDA:32,6483,0,0
BRDA:32,6483,1,0
BRDA:32,6483,2,0
BRDA:32,6483,3,0
BRDA:32,6484,0,0
BRDA:32,6484,1,0
BRDA:32,6485,0,0
BRDA:32,6485,1,0
BRDA:32,6485,2,0
BRDA:32,6486,0,0
BRDA:32,6486,1,0
BRDA:32,6487,0,0
BRDA:32,6487,1,0
BRDA:32,6488,0,0
BRDA:32,6488,1,0
BRDA:32,6489,0,0
BRDA:32,6489,1,0
BRDA:32,6490,0,0
BRDA:32,6490,1,0
BRDA:32,6491,0,0
BRDA:32,6491,1,0
BRDA:32,6491,2,0
BRDA:32,6492,0,0
BRDA:32,6492,1,0
BRDA:32,6493,0,0
BRDA:32,6493,1,0
BRDA:32,6494,0,0
BRDA:32,6494,1,0
BRDA:32,6495,0,0
BRDA:32,6495,1,0
BRDA:32,6496,0,0
BRDA:32,6496,1,0
BRDA:32,6497,0,0
BRDA:32,6497,1,0
BRDA:32,6498,0,0
BRDA:32,6498,1,0
BRDA:32,6499,0,0
BRDA:32,6499,1,0
BRDA:32,6500,0,0
BRDA:32,6500,1,0
BRDA:32,6501,0,0
BRDA:32,6501,1,0
BRDA:32,6502,0,0
BRDA:32,6502,1,0
BRDA:32,6503,0,0
BRDA:32,6503,1,0
BRDA:32,6504,0,0
BRDA:32,6504,1,0
BRDA:32,6505,0,0
BRDA:32,6505,1,0
BRDA:32,6506,0,0
BRDA:32,6506,1,0
BRDA:32,6507,0,0
BRDA:32,6507,1,0
BRDA:32,6508,0,0
BRDA:32,6508,1,0
BRDA:32,6509,0,0
BRDA:32,6509,1,0
BRDA:32,6510,0,0
BRDA:32,6510,1,0
BRDA:32,6511,0,0
BRDA:32,6511,1,0
BRDA:32,6512,0,0
BRDA:32,6512,1,0
BRDA:32,6513,0,0
BRDA:32,6513,1,0
BRDA:32,6513,2,0
BRDA:32,6514,0,0
BRDA:32,6514,1,0
BRDA:32,6514,2,0
BRDA:32,6515,0,0
BRDA:32,6515,1,0
BRDA:32,6516,0,0
BRDA:32,6516,1,0
BRDA:32,6517,0,0
BRDA:32,6517,1,0
BRDA:32,6518,0,0
BRDA:32,6518,1,0
BRDA:32,6519,0,0
BRDA:32,6519,1,0
BRDA:32,6520,0,0
BRDA:32,6520,1,0
BRDA:32,6521,0,0
BRDA:32,6521,1,0
BRDA:32,6522,0,0
BRDA:32,6522,1,0
BRDA:32,6523,0,0
BRDA:32,6523,1,0
BRDA:32,6524,0,0
BRDA:32,6524,1,0
BRDA:32,6525,0,0
BRDA:32,6525,1,0
BRDA:32,6526,0,0
BRDA:32,6526,1,0
BRDA:32,6527,0,0
BRDA:32,6527,1,0
BRDA:32,6528,0,0
BRDA:32,6528,1,0
BRDA:32,6529,0,0
BRDA:32,6529,1,0
BRDA:32,6529,2,0
BRDA:32,6530,0,0
BRDA:32,6530,1,0
BRDA:32,6531,0,0
BRDA:32,6531,1,0
BRDA:32,6532,0,0
BRDA:32,6532,1,0
BRDA:32,6533,0,0
BRDA:32,6533,1,0
BRDA:32,6534,0,0
BRDA:32,6534,1,0
BRDA:32,6535,0,0
BRDA:32,6535,1,0
BRDA:32,6536,0,0
BRDA:32,6536,1,0
BRDA:32,6537,0,0
BRDA:32,6537,1,0
BRDA:32,6538,0,0
BRDA:32,6538,1,0
BRDA:32,6539,0,0
BRDA:32,6539,1,0
BRDA:32,6539,2,0
BRDA:32,6539,3,0
BRDA:32,6539,4,0
BRDA:32,6539,5,0
BRDA:32,6540,0,0
BRDA:32,6540,1,0
BRDA:32,6541,0,0
BRDA:32,6541,1,0
BRDA:32,6542,0,0
BRDA:32,6542,1,0
BRDA:32,6543,0,0
BRDA:32,6543,1,0
BRDA:32,6544,0,0
BRDA:32,6544,1,0
BRDA:32,6545,0,0
BRDA:32,6545,1,0
BRDA:32,6546,0,0
BRDA:32,6546,1,0
BRDA:32,6547,0,0
BRDA:32,6547,1,0
BRDA:32,6548,0,0
BRDA:32,6548,1,0
BRDA:32,6549,0,0
BRDA:32,6549,1,0
BRDA:32,6550,0,0
BRDA:32,6550,1,0
BRDA:32,6551,0,0
BRDA:32,6551,1,0
BRDA:32,6552,0,0
BRDA:32,6552,1,0
BRDA:32,6553,0,0
BRDA:32,6553,1,0
BRDA:32,6554,0,0
BRDA:32,6554,1,0
BRDA:32,6555,0,0
BRDA:32,6555,1,0
BRDA:32,6555,2,0
BRDA:32,6556,0,0
BRDA:32,6556,1,0
BRDA:32,6557,0,0
BRDA:32,6557,1,0
BRDA:32,6558,0,0
BRDA:32,6558,1,0
BRDA:32,6559,0,0
BRDA:32,6559,1,0
BRDA:32,6560,0,0
BRDA:32,6560,1,0
BRDA:32,6561,0,0
BRDA:32,6561,1,0
BRDA:32,6562,0,0
BRDA:32,6562,1,0
BRDA:32,6563,0,0
BRDA:32,6563,1,0
BRDA:32,6564,0,0
BRDA:32,6564,1,0
BRDA:32,6565,0,0
BRDA:32,6565,1,0
BRDA:32,6566,0,0
BRDA:32,6566,1,0
BRDA:32,6566,2,0
BRDA:32,6567,0,0
BRDA:32,6567,1,0
BRDA:32,6568,0,0
BRDA:32,6568,1,0
BRDA:32,6569,0,0
BRDA:32,6569,1,0
BRDA:32,6570,0,0
BRDA:32,6570,1,0
BRDA:32,6571,0,0
BRDA:32,6571,1,0
BRDA:32,6572,0,0
BRDA:32,6572,1,0
BRDA:32,6573,0,0
BRDA:32,6573,1,0
BRDA:32,6574,0,0
BRDA:32,6574,1,0
BRDA:32,6575,0,0
BRDA:32,6575,1,0
BRDA:32,6575,2,0
BRDA:32,6575,3,0
BRDA:32,6576,0,0
BRDA:32,6576,1,0
BRDA:32,6577,0,0
BRDA:32,6577,1,0
BRDA:32,6578,0,0
BRDA:32,6578,1,0
BRDA:32,6579,0,0
BRDA:32,6579,1,0
BRDA:32,6580,0,0
BRDA:32,6580,1,0
BRDA:32,6581,0,0
BRDA:32,6581,1,0
BRDA:32,6582,0,0
BRDA:32,6582,1,0
BRDA:32,6583,0,0
BRDA:32,6583,1,0
BRDA:32,6584,0,0
BRDA:32,6584,1,0
BRDA:32,6585,0,0
BRDA:32,6585,1,0
BRDA:32,6586,0,0
BRDA:32,6586,1,0
BRDA:32,6587,0,0
BRDA:32,6587,1,0
BRDA:32,6588,0,0
BRDA:32,6588,1,0
BRDA:32,6589,0,0
BRDA:32,6589,1,0
BRDA:32,6590,0,0
BRDA:32,6590,1,0
BRDA:32,6591,0,0
BRDA:32,6591,1,0
BRDA:32,6592,0,0
BRDA:32,6592,1,0
BRDA:32,6593,0,0
BRDA:32,6593,1,0
BRDA:32,6594,0,0
BRDA:32,6594,1,0
BRDA:32,6595,0,0
BRDA:32,6595,1,0
BRDA:32,6596,0,0
BRDA:32,6596,1,0
BRDA:32,6597,0,0
BRDA:32,6597,1,0
BRDA:32,6598,0,0
BRDA:32,6598,1,0
BRDA:32,6599,0,0
BRDA:32,6599,1,0
BRDA:32,6600,0,0
BRDA:32,6600,1,0
BRDA:32,6601,0,0
BRDA:32,6601,1,0
BRDA:32,6602,0,0
BRDA:32,6602,1,0
BRDA:32,6603,0,0
BRDA:32,6603,1,0
BRDA:32,6604,0,0
BRDA:32,6604,1,0
BRDA:32,6605,0,0
BRDA:32,6605,1,0
BRDA:32,6606,0,0
BRDA:32,6606,1,0
BRDA:32,6607,0,0
BRDA:32,6607,1,0
BRDA:32,6608,0,0
BRDA:32,6608,1,0
BRDA:32,6609,0,0
BRDA:32,6609,1,0
BRDA:32,6610,0,0
BRDA:32,6610,1,0
BRDA:32,6611,0,0
BRDA:32,6611,1,0
BRDA:32,6612,0,0
BRDA:32,6612,1,0
BRDA:32,6613,0,0
BRDA:32,6613,1,0
BRDA:32,6613,2,0
BRDA:32,6613,3,0
BRDA:32,6614,0,0
BRDA:32,6614,1,0
BRDA:32,6615,0,0
BRDA:32,6615,1,0
BRDA:32,6616,0,0
BRDA:32,6616,1,0
BRDA:32,6616,2,0
BRDA:32,6617,0,0
BRDA:32,6617,1,0
BRDA:32,6618,0,0
BRDA:32,6618,1,0
BRDA:32,6619,0,0
BRDA:32,6619,1,0
BRDA:32,6620,0,0
BRDA:32,6620,1,0
BRDA:32,6621,0,0
BRDA:32,6621,1,0
BRDA:32,6622,0,0
BRDA:32,6622,1,0
BRDA:32,6623,0,0
BRDA:32,6623,1,0
BRDA:32,6624,0,0
BRDA:32,6624,1,0
BRDA:32,6625,0,0
BRDA:32,6625,1,0
BRDA:32,6625,2,0
BRDA:32,6626,0,0
BRDA:32,6626,1,0
BRDA:32,6627,0,0
BRDA:32,6627,1,0
BRDA:32,6628,0,0
BRDA:32,6628,1,0
BRDA:32,6629,0,0
BRDA:32,6629,1,0
BRDA:32,6630,0,0
BRDA:32,6630,1,0
BRDA:32,6631,0,0
BRDA:32,6631,1,0
BRDA:32,6632,0,0
BRDA:32,6632,1,0
BRDA:32,6633,0,0
BRDA:32,6633,1,0
BRDA:32,6634,0,0
BRDA:32,6634,1,0
BRDA:32,6635,0,0
BRDA:32,6635,1,0
BRDA:32,6636,0,0
BRDA:32,6636,1,0
BRDA:32,6636,2,0
BRDA:32,6637,0,0
BRDA:32,6637,1,0
BRDA:32,6637,2,0
BRDA:32,6638,0,0
BRDA:32,6638,1,0
BRDA:32,6639,0,0
BRDA:32,6639,1,0
BRDA:32,6640,0,0
BRDA:32,6640,1,0
BRDA:32,6641,0,0
BRDA:32,6641,1,0
BRDA:32,6642,0,0
BRDA:32,6642,1,0
BRDA:32,6643,0,0
BRDA:32,6643,1,0
BRDA:32,6644,0,0
BRDA:32,6644,1,0
BRDA:32,6645,0,0
BRDA:32,6645,1,0
BRDA:32,6646,0,0
BRDA:32,6646,1,0
BRDA:32,6647,0,0
BRDA:32,6647,1,0
BRDA:32,6647,2,0
BRDA:32,6648,0,0
BRDA:32,6648,1,0
BRDA:32,6649,0,0
BRDA:32,6649,1,0
BRDA:32,6650,0,0
BRDA:32,6650,1,0
BRDA:32,6651,0,0
BRDA:32,6651,1,0
BRDA:32,6652,0,0
BRDA:32,6652,1,0
BRDA:32,6653,0,0
BRDA:32,6653,1,0
BRDA:32,6654,0,0
BRDA:32,6654,1,0
BRDA:32,6655,0,0
BRDA:32,6655,1,0
BRDA:32,6656,0,0
BRDA:32,6656,1,0
BRDA:32,6657,0,0
BRDA:32,6657,1,0
BRDA:57,6658,0,0
BRDA:57,6658,1,0
BRDA:57,6658,2,0
BRDA:57,6659,0,0
BRDA:57,6659,1,0
BRDA:57,6660,0,0
BRDA:57,6660,1,0
BRDA:57,6661,0,0
BRDA:57,6661,1,0
BRDA:57,6662,0,0
BRDA:57,6662,1,0
BRDA:57,6663,0,0
BRDA:57,6663,1,0
BRDA:57,6664,0,0
BRDA:57,6664,1,0
BRDA:57,6665,0,0
BRDA:57,6665,1,0
BRDA:57,6666,0,0
BRDA:57,6666,1,0
BRDA:57,6667,0,0
BRDA:57,6667,1,0
BRDA:57,6668,0,0
BRDA:57,6668,1,0
BRDA:57,6669,0,0
BRDA:57,6669,1,0
BRDA:57,6670,0,0
BRDA:57,6670,1,0
BRDA:57,6671,0,0
BRDA:57,6671,1,0
BRDA:57,6671,2,0
BRDA:57,6672,0,0
BRDA:57,6672,1,0
BRDA:57,6673,0,0
BRDA:57,6673,1,0
BRDA:57,6674,0,0
BRDA:57,6674,1,0
BRDA:57,6675,0,0
BRDA:57,6675,1,0
BRDA:57,6676,0,0
BRDA:57,6676,1,0
BRDA:57,6677,0,0
BRDA:57,6677,1,0
BRDA:57,6678,0,0
BRDA:57,6678,1,0
BRDA:57,6679,0,0
BRDA:57,6679,1,0
BRDA:57,6680,0,0
BRDA:57,6680,1,0
BRDA:57,6681,0,0
BRDA:57,6681,1,0
BRDA:57,6682,0,0
BRDA:57,6682,1,0
BRDA:57,6683,0,0
BRDA:57,6683,1,0
BRDA:57,6684,0,0
BRDA:57,6684,1,0
BRDA:57,6685,0,0
BRDA:57,6685,1,0
BRDA:57,6686,0,0
BRDA:57,6686,1,0
BRDA:57,6687,0,0
BRDA:57,6687,1,0
BRDA:57,6687,2,0
BRDA:57,6688,0,0
BRDA:57,6688,1,0
BRDA:57,6689,0,0
BRDA:57,6689,1,0
BRDA:57,6690,0,0
BRDA:57,6690,1,0
BRDA:57,6691,0,0
BRDA:57,6691,1,0
BRDA:57,6691,2,0
BRDA:57,6692,0,0
BRDA:57,6692,1,0
BRDA:57,6693,0,0
BRDA:57,6693,1,0
BRDA:57,6694,0,0
BRDA:57,6694,1,0
BRDA:57,6694,2,0
BRDA:57,6694,3,0
BRDA:57,6695,0,0
BRDA:57,6695,1,0
BRDA:57,6696,0,0
BRDA:57,6696,1,0
BRDA:57,6697,0,0
BRDA:57,6697,1,0
BRDA:57,6698,0,0
BRDA:57,6698,1,0
BRDA:57,6698,2,0
BRDA:57,6699,0,0
BRDA:57,6699,1,0
BRDA:57,6700,0,0
BRDA:57,6700,1,0
BRDA:57,6701,0,0
BRDA:57,6701,1,0
BRDA:57,6702,0,0
BRDA:57,6702,1,0
BRDA:57,6703,0,0
BRDA:57,6703,1,0
BRDA:57,6704,0,0
BRDA:57,6704,1,0
BRDA:57,6705,0,0
BRDA:57,6705,1,0
BRDA:57,6706,0,0
BRDA:57,6706,1,0
BRDA:57,6707,0,0
BRDA:57,6707,1,0
BRDA:57,6707,2,0
BRDA:57,6708,0,0
BRDA:57,6708,1,0
BRDA:57,6709,0,0
BRDA:57,6709,1,0
BRDA:57,6710,0,0
BRDA:57,6710,1,0
BRDA:57,6711,0,0
BRDA:57,6711,1,0
BRDA:57,6712,0,0
BRDA:57,6712,1,0
BRDA:57,6713,0,0
BRDA:57,6713,1,0
BRDA:57,6714,0,0
BRDA:57,6714,1,0
BRDA:57,6715,0,0
BRDA:57,6715,1,0
BRDA:57,6716,0,0
BRDA:57,6716,1,0
BRDA:57,6717,0,0
BRDA:57,6717,1,0
BRDA:57,6718,0,0
BRDA:57,6718,1,0
BRDA:57,6719,0,0
BRDA:57,6719,1,0
BRDA:57,6720,0,0
BRDA:57,6720,1,0
BRDA:57,6721,0,0
BRDA:57,6721,1,0
BRDA:57,6722,0,0
BRDA:57,6722,1,0
BRDA:57,6723,0,0
BRDA:57,6723,1,0
BRDA:57,6724,0,0
BRDA:57,6724,1,0
BRDA:57,6725,0,0
BRDA:57,6725,1,0
BRDA:57,6725,2,0
BRDA:57,6726,0,0
BRDA:57,6726,1,0
BRDA:57,6726,2,0
BRDA:57,6727,0,0
BRDA:57,6727,1,0
BRDA:57,6728,0,0
BRDA:57,6728,1,0
BRDA:57,6729,0,0
BRDA:57,6729,1,0
BRDA:57,6729,2,0
BRDA:57,6730,0,0
BRDA:57,6730,1,0
BRDA:57,6730,2,0
BRDA:57,6731,0,0
BRDA:57,6731,1,0
BRDA:57,6732,0,0
BRDA:57,6732,1,0
BRDA:57,6733,0,0
BRDA:57,6733,1,0
BRDA:57,6734,0,0
BRDA:57,6734,1,0
BRDA:57,6735,0,0
BRDA:57,6735,1,0
BRDA:57,6736,0,0
BRDA:57,6736,1,0
BRDA:57,6737,0,0
BRDA:57,6737,1,0
BRDA:57,6737,2,0
BRDA:57,6738,0,0
BRDA:57,6738,1,0
BRDA:57,6739,0,0
BRDA:57,6739,1,0
BRDA:57,6740,0,0
BRDA:57,6740,1,0
BRDA:57,6741,0,0
BRDA:57,6741,1,0
BRDA:57,6742,0,0
BRDA:57,6742,1,0
BRDA:57,6743,0,0
BRDA:57,6743,1,0
BRDA:57,6744,0,0
BRDA:57,6744,1,0
BRDA:57,6745,0,0
BRDA:57,6745,1,0
BRDA:57,6746,0,0
BRDA:57,6746,1,0
BRDA:57,6747,0,0
BRDA:57,6747,1,0
BRDA:57,6747,2,0
BRDA:57,6748,0,0
BRDA:57,6748,1,0
BRDA:57,6749,0,0
BRDA:57,6749,1,0
BRDA:57,6750,0,0
BRDA:57,6750,1,0
BRDA:57,6750,2,0
BRDA:57,6751,0,0
BRDA:57,6751,1,0
BRDA:57,6752,0,0
BRDA:57,6752,1,0
BRDA:57,6753,0,0
BRDA:57,6753,1,0
BRDA:57,6754,0,0
BRDA:57,6754,1,0
BRDA:57,6755,0,0
BRDA:57,6755,1,0
BRDA:57,6756,0,0
BRDA:57,6756,1,0
BRDA:57,6757,0,0
BRDA:57,6757,1,0
BRDA:57,6758,0,0
BRDA:57,6758,1,0
BRDA:57,6759,0,0
BRDA:57,6759,1,0
BRDA:57,6760,0,0
BRDA:57,6760,1,0
BRDA:57,6761,0,0
BRDA:57,6761,1,0
BRDA:57,6762,0,0
BRDA:57,6762,1,0
BRDA:57,6763,0,0
BRDA:57,6763,1,0
BRDA:57,6764,0,0
BRDA:57,6764,1,0
BRDA:57,6765,0,0
BRDA:57,6765,1,0
BRDA:57,6766,0,0
BRDA:57,6766,1,0
BRDA:57,6767,0,0
BRDA:57,6767,1,0
BRDA:57,6768,0,0
BRDA:57,6768,1,0
BRDA:57,6769,0,0
BRDA:57,6769,1,0
BRDA:57,6770,0,0
BRDA:57,6770,1,0
BRDA:57,6771,0,0
BRDA:57,6771,1,0
BRDA:57,6772,0,0
BRDA:57,6772,1,0
BRDA:57,6773,0,0
BRDA:57,6773,1,0
BRDA:57,6774,0,0
BRDA:57,6774,1,0
BRDA:57,6775,0,0
BRDA:57,6775,1,0
BRDA:57,6776,0,0
BRDA:57,6776,1,0
BRDA:57,6777,0,0
BRDA:57,6777,1,0
BRDA:57,6778,0,0
BRDA:57,6778,1,0
BRDA:57,6779,0,0
BRDA:57,6779,1,0
BRDA:57,6780,0,0
BRDA:57,6780,1,0
BRDA:57,6781,0,0
BRDA:57,6781,1,0
BRDA:57,6782,0,0
BRDA:57,6782,1,0
BRDA:57,6783,0,0
BRDA:57,6783,1,0
BRDA:57,6784,0,0
BRDA:57,6784,1,0
BRDA:57,6785,0,0
BRDA:57,6785,1,0
BRDA:57,6786,0,0
BRDA:57,6786,1,0
BRDA:57,6787,0,0
BRDA:57,6787,1,0
BRDA:57,6788,0,0
BRDA:57,6788,1,0
BRDA:57,6789,0,0
BRDA:57,6789,1,0
BRDA:57,6790,0,0
BRDA:57,6790,1,0
BRDA:57,6790,2,0
BRDA:57,6791,0,0
BRDA:57,6791,1,0
BRDA:57,6792,0,0
BRDA:57,6792,1,0
BRDA:57,6793,0,0
BRDA:57,6793,1,0
BRDA:57,6794,0,0
BRDA:57,6794,1,0
BRDA:57,6795,0,0
BRDA:57,6795,1,0
BRDA:57,6796,0,0
BRDA:57,6796,1,0
BRDA:57,6797,0,0
BRDA:57,6797,1,0
BRDA:57,6798,0,0
BRDA:57,6798,1,0
BRDA:57,6799,0,0
BRDA:57,6799,1,0
BRDA:57,6800,0,0
BRDA:57,6800,1,0
BRDA:57,6801,0,0
BRDA:57,6801,1,0
BRDA:57,6802,0,0
BRDA:57,6802,1,0
BRDA:57,6803,0,0
BRDA:57,6803,1,0
BRDA:57,6804,0,0
BRDA:57,6804,1,0
BRDA:57,6804,2,0
BRDA:57,6805,0,0
BRDA:57,6805,1,0
BRDA:57,6805,2,0
BRDA:57,6806,0,0
BRDA:57,6806,1,0
BRDA:57,6807,0,0
BRDA:57,6807,1,0
BRDA:57,6807,2,0
BRDA:57,6808,0,0
BRDA:57,6808,1,0
BRDA:57,6809,0,0
BRDA:57,6809,1,0
BRDA:57,6810,0,0
BRDA:57,6810,1,0
BRDA:57,6811,0,0
BRDA:57,6811,1,0
BRDA:57,6812,0,0
BRDA:57,6812,1,0
BRDA:57,6812,2,0
BRDA:57,6813,0,0
BRDA:57,6813,1,0
BRDA:57,6814,0,0
BRDA:57,6814,1,0
BRDA:57,6815,0,0
BRDA:57,6815,1,0
BRDA:57,6815,2,0
BRDA:57,6816,0,0
BRDA:57,6816,1,0
BRDA:57,6817,0,0
BRDA:57,6817,1,0
BRDA:57,6818,0,0
BRDA:57,6818,1,0
BRDA:57,6819,0,0
BRDA:57,6819,1,0
BRDA:57,6820,0,0
BRDA:57,6820,1,0
BRDA:57,6821,0,0
BRDA:57,6821,1,0
BRDA:57,6822,0,0
BRDA:57,6822,1,0
BRDA:57,6823,0,0
BRDA:57,6823,1,0
BRDA:57,6824,0,0
BRDA:57,6824,1,0
BRDA:57,6825,0,0
BRDA:57,6825,1,0
BRDA:57,6826,0,0
BRDA:57,6826,1,0
BRDA:57,6827,0,0
BRDA:57,6827,1,0
BRDA:57,6828,0,0
BRDA:57,6828,1,0
BRDA:57,6829,0,0
BRDA:57,6829,1,0
BRDA:57,6830,0,0
BRDA:57,6830,1,0
BRDA:57,6831,0,0
BRDA:57,6831,1,0
BRDA:57,6831,2,0
BRDA:57,6832,0,0
BRDA:57,6832,1,0
BRDA:57,6833,0,0
BRDA:57,6833,1,0
BRDA:57,6834,0,0
BRDA:57,6834,1,0
BRDA:57,6835,0,0
BRDA:57,6835,1,0
BRDA:57,6836,0,0
BRDA:57,6836,1,0
BRDA:57,6837,0,0
BRDA:57,6837,1,0
BRDA:57,6838,0,0
BRDA:57,6838,1,0
BRDA:57,6839,0,0
BRDA:57,6839,1,0
BRDA:57,6840,0,0
BRDA:57,6840,1,0
BRDA:57,6841,0,0
BRDA:57,6841,1,0
BRDA:57,6842,0,0
BRDA:57,6842,1,0
BRDA:57,6843,0,0
BRDA:57,6843,1,0
BRDA:57,6844,0,0
BRDA:57,6844,1,0
BRDA:57,6845,0,0
BRDA:57,6845,1,0
BRDA:57,6845,2,0
BRDA:57,6846,0,0
BRDA:57,6846,1,0
BRDA:57,6847,0,0
BRDA:57,6847,1,0
BRDA:57,6848,0,0
BRDA:57,6848,1,0
BRDA:57,6849,0,0
BRDA:57,6849,1,0
BRDA:57,6850,0,0
BRDA:57,6850,1,0
BRDA:57,6851,0,0
BRDA:57,6851,1,0
BRDA:57,6851,2,0
BRDA:57,6851,3,0
BRDA:57,6852,0,0
BRDA:57,6852,1,0
BRDA:57,6853,0,0
BRDA:57,6853,1,0
BRDA:57,6854,0,0
BRDA:57,6854,1,0
BRDA:57,6854,2,0
BRDA:57,6854,3,0
BRDA:57,6854,4,0
BRDA:57,6854,5,0
BRDA:57,6854,6,0
BRDA:57,6854,7,0
BRDA:57,6855,0,0
BRDA:57,6855,1,0
BRDA:57,6855,2,0
BRDA:57,6855,3,0
BRDA:57,6855,4,0
BRDA:57,6855,5,0
BRDA:57,6855,6,0
BRDA:57,6855,7,0
BRDA:57,6856,0,0
BRDA:57,6856,1,0
BRDA:57,6856,2,0
BRDA:57,6856,3,0
BRDA:57,6856,4,0
BRDA:57,6856,5,0
BRDA:57,6856,6,0
BRDA:57,6856,7,0
BRDA:57,6856,8,0
BRDA:57,6856,9,0
BRDA:57,6856,10,0
BRDA:57,6856,11,0
BRDA:57,6856,12,0
BRDA:57,6857,0,0
BRDA:57,6857,1,0
BRDA:57,6857,2,0
BRDA:57,6857,3,0
BRDA:57,6857,4,0
BRDA:57,6857,5,0
BRDA:57,6857,6,0
BRDA:57,6857,7,0
BRDA:57,6857,8,0
BRDA:57,6857,9,0
BRDA:57,6857,10,0
BRDA:57,6857,11,0
BRDA:57,6857,12,0
BRDA:57,6858,0,0
BRDA:57,6858,1,0
BRDA:57,6859,0,0
BRDA:57,6859,1,0
BRDA:57,6859,2,0
BRDA:57,6859,3,0
BRDA:57,6860,0,0
BRDA:57,6860,1,0
BRDA:57,6860,2,0
BRDA:57,6861,0,0
BRDA:57,6861,1,0
BRDA:57,6862,0,0
BRDA:57,6862,1,0
BRDA:57,6863,0,0
BRDA:57,6863,1,0
BRDA:57,6864,0,0
BRDA:57,6864,1,0
BRDA:57,6865,0,0
BRDA:57,6865,1,0
BRDA:57,6866,0,0
BRDA:57,6866,1,0
BRDA:57,6867,0,0
BRDA:57,6867,1,0
BRDA:57,6868,0,0
BRDA:57,6868,1,0
BRDA:57,6869,0,0
BRDA:57,6869,1,0
BRDA:57,6870,0,0
BRDA:57,6870,1,0
BRDA:57,6870,2,0
BRDA:57,6870,3,0
BRDA:57,6871,0,0
BRDA:57,6871,1,0
BRDA:57,6872,0,0
BRDA:57,6872,1,0
BRDA:57,6873,0,0
BRDA:57,6873,1,0
BRDA:57,6874,0,0
BRDA:57,6874,1,0
BRDA:57,6875,0,0
BRDA:57,6875,1,0
BRDA:57,6876,0,0
BRDA:57,6876,1,0
BRDA:57,6876,2,0
BRDA:57,6877,0,0
BRDA:57,6877,1,0
BRDA:57,6878,0,0
BRDA:57,6878,1,0
BRDA:57,6879,0,0
BRDA:57,6879,1,0
BRDA:57,6880,0,0
BRDA:57,6880,1,0
BRDA:57,6881,0,0
BRDA:57,6881,1,0
BRDA:57,6882,0,0
BRDA:57,6882,1,0
BRDA:57,6883,0,0
BRDA:57,6883,1,0
BRDA:57,6884,0,0
BRDA:57,6884,1,0
BRDA:57,6885,0,0
BRDA:57,6885,1,0
BRDA:57,6886,0,0
BRDA:57,6886,1,0
BRDA:57,6887,0,0
BRDA:57,6887,1,0
BRDA:57,6888,0,0
BRDA:57,6888,1,0
BRDA:57,6889,0,0
BRDA:57,6889,1,0
BRDA:57,6890,0,0
BRDA:57,6890,1,0
BRDA:57,6891,0,0
BRDA:57,6891,1,0
BRDA:57,6892,0,0
BRDA:57,6892,1,0
BRDA:57,6892,2,0
BRDA:57,6893,0,0
BRDA:57,6893,1,0
BRDA:57,6894,0,0
BRDA:57,6894,1,0
BRDA:57,6894,2,0
BRDA:57,6895,0,0
BRDA:57,6895,1,0
BRDA:57,6896,0,0
BRDA:57,6896,1,0
BRDA:57,6897,0,0
BRDA:57,6897,1,0
BRDA:57,6898,0,0
BRDA:57,6898,1,0
BRDA:57,6899,0,0
BRDA:57,6899,1,0
BRDA:57,6900,0,0
BRDA:57,6900,1,0
BRDA:57,6901,0,0
BRDA:57,6901,1,0
BRDA:57,6902,0,0
BRDA:57,6902,1,0
BRDA:57,6902,2,0
BRDA:57,6902,3,0
BRDA:57,6903,0,0
BRDA:57,6903,1,0
BRDA:57,6904,0,0
BRDA:57,6904,1,0
BRDA:57,6905,0,0
BRDA:57,6905,1,0
BRDA:57,6906,0,0
BRDA:57,6906,1,0
BRDA:57,6907,0,0
BRDA:57,6907,1,0
BRDA:57,6908,0,0
BRDA:57,6908,1,0
BRDA:57,6909,0,0
BRDA:57,6909,1,0
BRDA:57,6910,0,0
BRDA:57,6910,1,0
BRDA:57,6911,0,0
BRDA:57,6911,1,0
BRDA:57,6912,0,0
BRDA:57,6912,1,0
BRDA:57,6913,0,0
BRDA:57,6913,1,0
BRDA:57,6914,0,0
BRDA:57,6914,1,0
BRDA:57,6915,0,0
BRDA:57,6915,1,0
BRDA:57,6916,0,0
BRDA:57,6916,1,0
BRDA:57,6916,2,0
BRDA:57,6917,0,0
BRDA:57,6917,1,0
BRDA:57,6918,0,0
BRDA:57,6918,1,0
BRDA:57,6919,0,0
BRDA:57,6919,1,0
BRDA:57,6920,0,0
BRDA:57,6920,1,0
BRDA:57,6921,0,0
BRDA:57,6921,1,0
BRDA:57,6922,0,0
BRDA:57,6922,1,0
BRDA:57,6923,0,0
BRDA:57,6923,1,0
BRF:15080
BRH:0
end_of_record
